{"meta": {"format": 3, "version": "7.13.2", "timestamp": "2026-02-04T19:33:28.629355", "branch_coverage": true, "show_contexts": false}, "files": {"src/qubitos/__init__.py": {"executed_lines": [23, 24, 25, 27], "summary": {"covered_lines": 4, "num_statements": 4, "percent_covered": 100.0, "percent_covered_display": "100", "missing_lines": 0, "excluded_lines": 0, "percent_statements_covered": 100.0, "percent_statements_covered_display": "100", "num_branches": 0, "num_partial_branches": 0, "covered_branches": 0, "missing_branches": 0, "percent_branches_covered": 100.0, "percent_branches_covered_display": "100"}, "missing_lines": [], "excluded_lines": [], "executed_branches": [], "missing_branches": [], "functions": {"": {"executed_lines": [23, 24, 25, 27], "summary": {"covered_lines": 4, "num_statements": 4, "percent_covered": 100.0, "percent_covered_display": "100", "missing_lines": 0, "excluded_lines": 0, "percent_statements_covered": 100.0, "percent_statements_covered_display": "100", "num_branches": 0, "num_partial_branches": 0, "covered_branches": 0, "missing_branches": 0, "percent_branches_covered": 100.0, "percent_branches_covered_display": "100"}, "missing_lines": [], "excluded_lines": [], "start_line": 1, "executed_branches": [], "missing_branches": []}}, "classes": {"": {"executed_lines": [23, 24, 25, 27], "summary": {"covered_lines": 4, "num_statements": 4, "percent_covered": 100.0, "percent_covered_display": "100", "missing_lines": 0, "excluded_lines": 0, "percent_statements_covered": 100.0, "percent_statements_covered_display": "100", "num_branches": 0, "num_partial_branches": 0, "covered_branches": 0, "missing_branches": 0, "percent_branches_covered": 100.0, "percent_branches_covered_display": "100"}, "missing_lines": [], "excluded_lines": [], "start_line": 1, "executed_branches": [], "missing_branches": []}}}, "src/qubitos/calibrator/__init__.py": {"executed_lines": [34, 40, 50], "summary": {"covered_lines": 3, "num_statements": 3, "percent_covered": 100.0, "percent_covered_display": "100", "missing_lines": 0, "excluded_lines": 0, "percent_statements_covered": 100.0, "percent_statements_covered_display": "100", "num_branches": 0, "num_partial_branches": 0, "covered_branches": 0, "missing_branches": 0, "percent_branches_covered": 100.0, "percent_branches_covered_display": "100"}, "missing_lines": [], "excluded_lines": [], "executed_branches": [], "missing_branches": [], "functions": {"": {"executed_lines": [34, 40, 50], "summary": {"covered_lines": 3, "num_statements": 3, "percent_covered": 100.0, "percent_covered_display": "100", "missing_lines": 0, "excluded_lines": 0, "percent_statements_covered": 100.0, "percent_statements_covered_display": "100", "num_branches": 0, "num_partial_branches": 0, "covered_branches": 0, "missing_branches": 0, "percent_branches_covered": 100.0, "percent_branches_covered_display": "100"}, "missing_lines": [], "excluded_lines": [], "start_line": 1, "executed_branches": [], "missing_branches": []}}, "classes": {"": {"executed_lines": [34, 40, 50], "summary": {"covered_lines": 3, "num_statements": 3, "percent_covered": 100.0, "percent_covered_display": "100", "missing_lines": 0, "excluded_lines": 0, "percent_statements_covered": 100.0, "percent_statements_covered_display": "100", "num_branches": 0, "num_partial_branches": 0, "covered_branches": 0, "missing_branches": 0, "percent_branches_covered": 100.0, "percent_branches_covered_display": "100"}, "missing_lines": [], "excluded_lines": [], "start_line": 1, "executed_branches": [], "missing_branches": []}}}, "src/qubitos/calibrator/fingerprint.py": {"executed_lines": [26, 28, 29, 30, 31, 32, 33, 38, 41, 42, 56, 57, 58, 59, 60, 61, 62, 63, 66, 67, 78, 79, 80, 81, 82, 85, 86, 93, 94, 95, 96, 97, 98, 100, 101, 102, 104, 106, 112, 113, 115, 116, 125, 126, 127, 138, 139, 140, 149, 157, 171, 172, 175, 176, 181, 182, 189, 190, 191, 192, 193, 195, 196, 199, 200, 203, 204, 206, 207, 210, 211, 214, 217, 218, 219, 220, 222, 231, 232, 233, 234, 237, 240, 241, 243, 244, 245, 246, 247, 248, 249, 250, 251, 252, 253, 254, 255, 259, 270, 272, 281, 282, 284, 293, 295, 297, 299, 301, 304, 310, 316, 317, 319, 325, 326, 327, 329, 332, 333, 335, 344, 345, 347, 361, 362, 363, 364, 366, 380, 381, 382, 384, 385, 386, 387, 389, 392], "summary": {"covered_lines": 137, "num_statements": 141, "percent_covered": 96.13259668508287, "percent_covered_display": "96", "missing_lines": 4, "excluded_lines": 2, "percent_statements_covered": 97.16312056737588, "percent_statements_covered_display": "97", "num_branches": 40, "num_partial_branches": 3, "covered_branches": 37, "missing_branches": 3, "percent_branches_covered": 92.5, "percent_branches_covered_display": "92"}, "missing_lines": [213, 256, 257, 296], "excluded_lines": [35, 36], "executed_branches": [[101, -100], [101, 102], [126, 127], [126, 138], [139, 140], [139, 149], [171, 172], [171, 175], [175, 176], [175, 181], [181, 182], [181, 189], [195, 196], [195, 231], [203, 204], [203, 206], [210, 211], [243, 244], [243, 246], [246, 247], [246, 249], [249, 250], [249, 252], [252, 253], [252, 255], [255, 259], [295, 297], [326, 327], [326, 329], [332, -319], [332, 333], [362, 363], [362, 364], [381, 382], [381, 384], [385, 386], [385, 389]], "missing_branches": [[210, 213], [255, 256], [295, 296]], "functions": {"CalibrationFingerprint.__post_init__": {"executed_lines": [101, 102], "summary": {"covered_lines": 2, "num_statements": 2, "percent_covered": 100.0, "percent_covered_display": "100", "missing_lines": 0, "excluded_lines": 0, "percent_statements_covered": 100.0, "percent_statements_covered_display": "100", "num_branches": 2, "num_partial_branches": 0, "covered_branches": 2, "missing_branches": 0, "percent_branches_covered": 100.0, "percent_branches_covered_display": "100"}, "missing_lines": [], "excluded_lines": [], "start_line": 100, "executed_branches": [[101, -100], [101, 102]], "missing_branches": []}, "CalibrationFingerprint._compute_hash": {"executed_lines": [106, 112, 113], "summary": {"covered_lines": 3, "num_statements": 3, "percent_covered": 100.0, "percent_covered_display": "100", "missing_lines": 0, "excluded_lines": 0, "percent_statements_covered": 100.0, "percent_statements_covered_display": "100", "num_branches": 0, "num_partial_branches": 0, "covered_branches": 0, "missing_branches": 0, "percent_branches_covered": 100.0, "percent_branches_covered_display": "100"}, "missing_lines": [], "excluded_lines": [], "start_line": 104, "executed_branches": [], "missing_branches": []}, "CalibrationFingerprint.from_calibration": {"executed_lines": [125, 126, 127, 138, 139, 140, 149], "summary": {"covered_lines": 7, "num_statements": 7, "percent_covered": 100.0, "percent_covered_display": "100", "missing_lines": 0, "excluded_lines": 0, "percent_statements_covered": 100.0, "percent_statements_covered_display": "100", "num_branches": 4, "num_partial_branches": 0, "covered_branches": 4, "missing_branches": 0, "percent_branches_covered": 100.0, "percent_branches_covered_display": "100"}, "missing_lines": [], "excluded_lines": [], "start_line": 116, "executed_branches": [[126, 127], [126, 138], [139, 140], [139, 149]], "missing_branches": []}, "CalibrationFingerprint.compare": {"executed_lines": [171, 172, 175, 176, 181, 182, 189, 190, 191, 192, 193, 195, 196, 199, 200, 203, 204, 206, 207, 210, 211, 214, 217, 218, 219, 220, 222, 231, 232, 233, 234, 237, 240, 241, 243, 244, 245, 246, 247, 248, 249, 250, 251, 252, 253, 254, 255, 259], "summary": {"covered_lines": 48, "num_statements": 51, "percent_covered": 93.15068493150685, "percent_covered_display": "93", "missing_lines": 3, "excluded_lines": 0, "percent_statements_covered": 94.11764705882354, "percent_statements_covered_display": "94", "num_branches": 22, "num_partial_branches": 2, "covered_branches": 20, "missing_branches": 2, "percent_branches_covered": 90.9090909090909, "percent_branches_covered_display": "91"}, "missing_lines": [213, 256, 257], "excluded_lines": [], "start_line": 157, "executed_branches": [[171, 172], [171, 175], [175, 176], [175, 181], [181, 182], [181, 189], [195, 196], [195, 231], [203, 204], [203, 206], [210, 211], [243, 244], [243, 246], [246, 247], [246, 249], [249, 250], [249, 252], [252, 253], [252, 255], [255, 259]], "missing_branches": [[210, 213], [255, 256]]}, "CalibrationFingerprint.to_dict": {"executed_lines": [272], "summary": {"covered_lines": 1, "num_statements": 1, "percent_covered": 100.0, "percent_covered_display": "100", "missing_lines": 0, "excluded_lines": 0, "percent_statements_covered": 100.0, "percent_statements_covered_display": "100", "num_branches": 0, "num_partial_branches": 0, "covered_branches": 0, "missing_branches": 0, "percent_branches_covered": 100.0, "percent_branches_covered_display": "100"}, "missing_lines": [], "excluded_lines": [], "start_line": 270, "executed_branches": [], "missing_branches": []}, "CalibrationFingerprint.from_dict": {"executed_lines": [284], "summary": {"covered_lines": 1, "num_statements": 1, "percent_covered": 100.0, "percent_covered_display": "100", "missing_lines": 0, "excluded_lines": 0, "percent_statements_covered": 100.0, "percent_statements_covered_display": "100", "num_branches": 0, "num_partial_branches": 0, "covered_branches": 0, "missing_branches": 0, "percent_branches_covered": 100.0, "percent_branches_covered_display": "100"}, "missing_lines": [], "excluded_lines": [], "start_line": 282, "executed_branches": [], "missing_branches": []}, "CalibrationFingerprint.__eq__": {"executed_lines": [295, 297], "summary": {"covered_lines": 2, "num_statements": 3, "percent_covered": 60.0, "percent_covered_display": "60", "missing_lines": 1, "excluded_lines": 0, "percent_statements_covered": 66.66666666666667, "percent_statements_covered_display": "67", "num_branches": 2, "num_partial_branches": 1, "covered_branches": 1, "missing_branches": 1, "percent_branches_covered": 50.0, "percent_branches_covered_display": "50"}, "missing_lines": [296], "excluded_lines": [], "start_line": 293, "executed_branches": [[295, 297]], "missing_branches": [[295, 296]]}, "CalibrationFingerprint.__hash__": {"executed_lines": [301], "summary": {"covered_lines": 1, "num_statements": 1, "percent_covered": 100.0, "percent_covered_display": "100", "missing_lines": 0, "excluded_lines": 0, "percent_statements_covered": 100.0, "percent_statements_covered_display": "100", "num_branches": 0, "num_partial_branches": 0, "covered_branches": 0, "missing_branches": 0, "percent_branches_covered": 100.0, "percent_branches_covered_display": "100"}, "missing_lines": [], "excluded_lines": [], "start_line": 299, "executed_branches": [], "missing_branches": []}, "FingerprintStore.__init__": {"executed_lines": [316, 317], "summary": {"covered_lines": 2, "num_statements": 2, "percent_covered": 100.0, "percent_covered_display": "100", "missing_lines": 0, "excluded_lines": 0, "percent_statements_covered": 100.0, "percent_statements_covered_display": "100", "num_branches": 0, "num_partial_branches": 0, "covered_branches": 0, "missing_branches": 0, "percent_branches_covered": 100.0, "percent_branches_covered_display": "100"}, "missing_lines": [], "excluded_lines": [], "start_line": 310, "executed_branches": [], "missing_branches": []}, "FingerprintStore.add": {"executed_lines": [325, 326, 327, 329, 332, 333], "summary": {"covered_lines": 6, "num_statements": 6, "percent_covered": 100.0, "percent_covered_display": "100", "missing_lines": 0, "excluded_lines": 0, "percent_statements_covered": 100.0, "percent_statements_covered_display": "100", "num_branches": 4, "num_partial_branches": 0, "covered_branches": 4, "missing_branches": 0, "percent_branches_covered": 100.0, "percent_branches_covered_display": "100"}, "missing_lines": [], "excluded_lines": [], "start_line": 319, "executed_branches": [[326, 327], [326, 329], [332, -319], [332, 333]], "missing_branches": []}, "FingerprintStore.get_latest": {"executed_lines": [344, 345], "summary": {"covered_lines": 2, "num_statements": 2, "percent_covered": 100.0, "percent_covered_display": "100", "missing_lines": 0, "excluded_lines": 0, "percent_statements_covered": 100.0, "percent_statements_covered_display": "100", "num_branches": 0, "num_partial_branches": 0, "covered_branches": 0, "missing_branches": 0, "percent_branches_covered": 100.0, "percent_branches_covered_display": "100"}, "missing_lines": [], "excluded_lines": [], "start_line": 335, "executed_branches": [], "missing_branches": []}, "FingerprintStore.get_history": {"executed_lines": [361, 362, 363, 364], "summary": {"covered_lines": 4, "num_statements": 4, "percent_covered": 100.0, "percent_covered_display": "100", "missing_lines": 0, "excluded_lines": 0, "percent_statements_covered": 100.0, "percent_statements_covered_display": "100", "num_branches": 2, "num_partial_branches": 0, "covered_branches": 2, "missing_branches": 0, "percent_branches_covered": 100.0, "percent_branches_covered_display": "100"}, "missing_lines": [], "excluded_lines": [], "start_line": 347, "executed_branches": [[362, 363], [362, 364]], "missing_branches": []}, "FingerprintStore.compute_drift_trend": {"executed_lines": [380, 381, 382, 384, 385, 386, 387, 389], "summary": {"covered_lines": 8, "num_statements": 8, "percent_covered": 100.0, "percent_covered_display": "100", "missing_lines": 0, "excluded_lines": 0, "percent_statements_covered": 100.0, "percent_statements_covered_display": "100", "num_branches": 4, "num_partial_branches": 0, "covered_branches": 4, "missing_branches": 0, "percent_branches_covered": 100.0, "percent_branches_covered_display": "100"}, "missing_lines": [], "excluded_lines": [], "start_line": 366, "executed_branches": [[381, 382], [381, 384], [385, 386], [385, 389]], "missing_branches": []}, "": {"executed_lines": [26, 28, 29, 30, 31, 32, 33, 38, 41, 42, 56, 57, 58, 59, 60, 61, 62, 63, 66, 67, 78, 79, 80, 81, 82, 85, 86, 93, 94, 95, 96, 97, 98, 100, 104, 115, 116, 157, 270, 281, 282, 293, 299, 304, 310, 319, 335, 347, 366, 392], "summary": {"covered_lines": 50, "num_statements": 50, "percent_covered": 100.0, "percent_covered_display": "100", "missing_lines": 0, "excluded_lines": 2, "percent_statements_covered": 100.0, "percent_statements_covered_display": "100", "num_branches": 0, "num_partial_branches": 0, "covered_branches": 0, "missing_branches": 0, "percent_branches_covered": 100.0, "percent_branches_covered_display": "100"}, "missing_lines": [], "excluded_lines": [35, 36], "start_line": 1, "executed_branches": [], "missing_branches": []}}, "classes": {"DriftMetrics": {"executed_lines": [], "summary": {"covered_lines": 0, "num_statements": 0, "percent_covered": 100.0, "percent_covered_display": "100", "missing_lines": 0, "excluded_lines": 0, "percent_statements_covered": 100.0, "percent_statements_covered_display": "100", "num_branches": 0, "num_partial_branches": 0, "covered_branches": 0, "missing_branches": 0, "percent_branches_covered": 100.0, "percent_branches_covered_display": "100"}, "missing_lines": [], "excluded_lines": [], "start_line": 42, "executed_branches": [], "missing_branches": []}, "FingerprintConfig": {"executed_lines": [], "summary": {"covered_lines": 0, "num_statements": 0, "percent_covered": 100.0, "percent_covered_display": "100", "missing_lines": 0, "excluded_lines": 0, "percent_statements_covered": 100.0, "percent_statements_covered_display": "100", "num_branches": 0, "num_partial_branches": 0, "covered_branches": 0, "missing_branches": 0, "percent_branches_covered": 100.0, "percent_branches_covered_display": "100"}, "missing_lines": [], "excluded_lines": [], "start_line": 67, "executed_branches": [], "missing_branches": []}, "CalibrationFingerprint": {"executed_lines": [101, 102, 106, 112, 113, 125, 126, 127, 138, 139, 140, 149, 171, 172, 175, 176, 181, 182, 189, 190, 191, 192, 193, 195, 196, 199, 200, 203, 204, 206, 207, 210, 211, 214, 217, 218, 219, 220, 222, 231, 232, 233, 234, 237, 240, 241, 243, 244, 245, 246, 247, 248, 249, 250, 251, 252, 253, 254, 255, 259, 272, 284, 295, 297, 301], "summary": {"covered_lines": 65, "num_statements": 69, "percent_covered": 92.92929292929293, "percent_covered_display": "93", "missing_lines": 4, "excluded_lines": 0, "percent_statements_covered": 94.20289855072464, "percent_statements_covered_display": "94", "num_branches": 30, "num_partial_branches": 3, "covered_branches": 27, "missing_branches": 3, "percent_branches_covered": 90.0, "percent_branches_covered_display": "90"}, "missing_lines": [213, 256, 257, 296], "excluded_lines": [], "start_line": 86, "executed_branches": [[101, -100], [101, 102], [126, 127], [126, 138], [139, 140], [139, 149], [171, 172], [171, 175], [175, 176], [175, 181], [181, 182], [181, 189], [195, 196], [195, 231], [203, 204], [203, 206], [210, 211], [243, 244], [243, 246], [246, 247], [246, 249], [249, 250], [249, 252], [252, 253], [252, 255], [255, 259], [295, 297]], "missing_branches": [[210, 213], [255, 256], [295, 296]]}, "FingerprintStore": {"executed_lines": [316, 317, 325, 326, 327, 329, 332, 333, 344, 345, 361, 362, 363, 364, 380, 381, 382, 384, 385, 386, 387, 389], "summary": {"covered_lines": 22, "num_statements": 22, "percent_covered": 100.0, "percent_covered_display": "100", "missing_lines": 0, "excluded_lines": 0, "percent_statements_covered": 100.0, "percent_statements_covered_display": "100", "num_branches": 10, "num_partial_branches": 0, "covered_branches": 10, "missing_branches": 0, "percent_branches_covered": 100.0, "percent_branches_covered_display": "100"}, "missing_lines": [], "excluded_lines": [], "start_line": 304, "executed_branches": [[326, 327], [326, 329], [332, -319], [332, 333], [362, 363], [362, 364], [381, 382], [381, 384], [385, 386], [385, 389]], "missing_branches": []}, "": {"executed_lines": [26, 28, 29, 30, 31, 32, 33, 38, 41, 42, 56, 57, 58, 59, 60, 61, 62, 63, 66, 67, 78, 79, 80, 81, 82, 85, 86, 93, 94, 95, 96, 97, 98, 100, 104, 115, 116, 157, 270, 281, 282, 293, 299, 304, 310, 319, 335, 347, 366, 392], "summary": {"covered_lines": 50, "num_statements": 50, "percent_covered": 100.0, "percent_covered_display": "100", "missing_lines": 0, "excluded_lines": 2, "percent_statements_covered": 100.0, "percent_statements_covered_display": "100", "num_branches": 0, "num_partial_branches": 0, "covered_branches": 0, "missing_branches": 0, "percent_branches_covered": 100.0, "percent_branches_covered_display": "100"}, "missing_lines": [], "excluded_lines": [35, 36], "start_line": 1, "executed_branches": [], "missing_branches": []}}}, "src/qubitos/calibrator/loader.py": {"executed_lines": [20, 22, 23, 24, 25, 27, 29, 31, 34, 35, 49, 50, 51, 52, 53, 54, 55, 56, 59, 60, 71, 72, 73, 74, 75, 78, 79, 92, 93, 94, 95, 96, 97, 98, 101, 104, 107, 113, 124, 125, 126, 128, 145, 148, 149, 150, 151, 154, 158, 159, 160, 161, 166, 169, 170, 171, 174, 175, 177, 178, 179, 180, 181, 184, 187, 188, 191, 193, 194, 196, 207, 208, 211, 218, 219, 220, 221, 223, 225, 228, 229, 230, 240, 243, 244, 245, 252, 254, 264, 266, 268, 270, 271, 272, 275, 278, 279, 281, 284, 287, 288, 291, 294, 295, 297, 299, 301, 312, 313, 315, 346, 347, 349, 353, 356, 359, 360, 361, 364, 373, 376], "summary": {"covered_lines": 121, "num_statements": 123, "percent_covered": 96.93251533742331, "percent_covered_display": "97", "missing_lines": 2, "excluded_lines": 0, "percent_statements_covered": 98.3739837398374, "percent_statements_covered_display": "98", "num_branches": 40, "num_partial_branches": 3, "covered_branches": 37, "missing_branches": 3, "percent_branches_covered": 92.5, "percent_branches_covered_display": "92"}, "missing_lines": [285, 292], "excluded_lines": [], "executed_branches": [[148, 149], [148, 154], [150, 151], [158, 159], [158, 166], [160, 161], [160, 166], [169, 170], [169, 174], [174, 175], [174, 177], [187, 188], [187, 191], [207, 208], [207, 211], [218, 219], [218, 223], [220, 218], [220, 221], [229, 230], [229, 243], [244, 245], [244, 254], [268, 270], [268, 287], [271, 272], [271, 275], [278, 279], [278, 281], [284, 268], [287, 288], [287, 294], [291, 287], [294, -264], [294, 295], [359, 360], [359, 361]], "missing_branches": [[150, 154], [284, 285], [291, 292]], "functions": {"CalibrationLoader.__init__": {"executed_lines": [124, 125, 126], "summary": {"covered_lines": 3, "num_statements": 3, "percent_covered": 100.0, "percent_covered_display": "100", "missing_lines": 0, "excluded_lines": 0, "percent_statements_covered": 100.0, "percent_statements_covered_display": "100", "num_branches": 0, "num_partial_branches": 0, "covered_branches": 0, "missing_branches": 0, "percent_branches_covered": 100.0, "percent_branches_covered_display": "100"}, "missing_lines": [], "excluded_lines": [], "start_line": 113, "executed_branches": [], "missing_branches": []}, "CalibrationLoader.load": {"executed_lines": [145, 148, 149, 150, 151, 154, 158, 159, 160, 161, 166, 169, 170, 171, 174, 175, 177, 178, 179, 180, 181, 184, 187, 188, 191, 193, 194], "summary": {"covered_lines": 27, "num_statements": 27, "percent_covered": 97.5609756097561, "percent_covered_display": "98", "missing_lines": 0, "excluded_lines": 0, "percent_statements_covered": 100.0, "percent_statements_covered_display": "100", "num_branches": 14, "num_partial_branches": 1, "covered_branches": 13, "missing_branches": 1, "percent_branches_covered": 92.85714285714286, "percent_branches_covered_display": "93"}, "missing_lines": [], "excluded_lines": [], "start_line": 128, "executed_branches": [[148, 149], [148, 154], [150, 151], [158, 159], [158, 166], [160, 161], [160, 166], [169, 170], [169, 174], [174, 175], [174, 177], [187, 188], [187, 191]], "missing_branches": [[150, 154]]}, "CalibrationLoader.load_for_backend": {"executed_lines": [207, 208, 211, 218, 219, 220, 221, 223], "summary": {"covered_lines": 8, "num_statements": 8, "percent_covered": 100.0, "percent_covered_display": "100", "missing_lines": 0, "excluded_lines": 0, "percent_statements_covered": 100.0, "percent_statements_covered_display": "100", "num_branches": 6, "num_partial_branches": 0, "covered_branches": 6, "missing_branches": 0, "percent_branches_covered": 100.0, "percent_branches_covered_display": "100"}, "missing_lines": [], "excluded_lines": [], "start_line": 196, "executed_branches": [[207, 208], [207, 211], [218, 219], [218, 223], [220, 218], [220, 221]], "missing_branches": []}, "CalibrationLoader._parse_calibration": {"executed_lines": [228, 229, 230, 240, 243, 244, 245, 252, 254], "summary": {"covered_lines": 9, "num_statements": 9, "percent_covered": 100.0, "percent_covered_display": "100", "missing_lines": 0, "excluded_lines": 0, "percent_statements_covered": 100.0, "percent_statements_covered_display": "100", "num_branches": 4, "num_partial_branches": 0, "covered_branches": 4, "missing_branches": 0, "percent_branches_covered": 100.0, "percent_branches_covered_display": "100"}, "missing_lines": [], "excluded_lines": [], "start_line": 225, "executed_branches": [[229, 230], [229, 243], [244, 245], [244, 254]], "missing_branches": []}, "CalibrationLoader._validate_calibration": {"executed_lines": [266, 268, 270, 271, 272, 275, 278, 279, 281, 284, 287, 288, 291, 294, 295], "summary": {"covered_lines": 15, "num_statements": 17, "percent_covered": 87.09677419354838, "percent_covered_display": "87", "missing_lines": 2, "excluded_lines": 0, "percent_statements_covered": 88.23529411764706, "percent_statements_covered_display": "88", "num_branches": 14, "num_partial_branches": 2, "covered_branches": 12, "missing_branches": 2, "percent_branches_covered": 85.71428571428571, "percent_branches_covered_display": "86"}, "missing_lines": [285, 292], "excluded_lines": [], "start_line": 264, "executed_branches": [[268, 270], [268, 287], [271, 272], [271, 275], [278, 279], [278, 281], [284, 268], [287, 288], [287, 294], [291, 287], [294, -264], [294, 295]], "missing_branches": [[284, 285], [291, 292]]}, "CalibrationLoader.clear_cache": {"executed_lines": [299], "summary": {"covered_lines": 1, "num_statements": 1, "percent_covered": 100.0, "percent_covered_display": "100", "missing_lines": 0, "excluded_lines": 0, "percent_statements_covered": 100.0, "percent_statements_covered_display": "100", "num_branches": 0, "num_partial_branches": 0, "covered_branches": 0, "missing_branches": 0, "percent_branches_covered": 100.0, "percent_branches_covered_display": "100"}, "missing_lines": [], "excluded_lines": [], "start_line": 297, "executed_branches": [], "missing_branches": []}, "CalibrationLoader.save": {"executed_lines": [312, 313, 315, 346, 347, 349], "summary": {"covered_lines": 6, "num_statements": 6, "percent_covered": 100.0, "percent_covered_display": "100", "missing_lines": 0, "excluded_lines": 0, "percent_statements_covered": 100.0, "percent_statements_covered_display": "100", "num_branches": 0, "num_partial_branches": 0, "covered_branches": 0, "missing_branches": 0, "percent_branches_covered": 100.0, "percent_branches_covered_display": "100"}, "missing_lines": [], "excluded_lines": [], "start_line": 301, "executed_branches": [], "missing_branches": []}, "get_default_loader": {"executed_lines": [359, 360, 361], "summary": {"covered_lines": 3, "num_statements": 3, "percent_covered": 100.0, "percent_covered_display": "100", "missing_lines": 0, "excluded_lines": 0, "percent_statements_covered": 100.0, "percent_statements_covered_display": "100", "num_branches": 2, "num_partial_branches": 0, "covered_branches": 2, "missing_branches": 0, "percent_branches_covered": 100.0, "percent_branches_covered_display": "100"}, "missing_lines": [], "excluded_lines": [], "start_line": 356, "executed_branches": [[359, 360], [359, 361]], "missing_branches": []}, "load_calibration": {"executed_lines": [373], "summary": {"covered_lines": 1, "num_statements": 1, "percent_covered": 100.0, "percent_covered_display": "100", "missing_lines": 0, "excluded_lines": 0, "percent_statements_covered": 100.0, "percent_statements_covered_display": "100", "num_branches": 0, "num_partial_branches": 0, "covered_branches": 0, "missing_branches": 0, "percent_branches_covered": 100.0, "percent_branches_covered_display": "100"}, "missing_lines": [], "excluded_lines": [], "start_line": 364, "executed_branches": [], "missing_branches": []}, "": {"executed_lines": [20, 22, 23, 24, 25, 27, 29, 31, 34, 35, 49, 50, 51, 52, 53, 54, 55, 56, 59, 60, 71, 72, 73, 74, 75, 78, 79, 92, 93, 94, 95, 96, 97, 98, 101, 104, 107, 113, 128, 196, 225, 264, 297, 301, 353, 356, 364, 376], "summary": {"covered_lines": 48, "num_statements": 48, "percent_covered": 100.0, "percent_covered_display": "100", "missing_lines": 0, "excluded_lines": 0, "percent_statements_covered": 100.0, "percent_statements_covered_display": "100", "num_branches": 0, "num_partial_branches": 0, "covered_branches": 0, "missing_branches": 0, "percent_branches_covered": 100.0, "percent_branches_covered_display": "100"}, "missing_lines": [], "excluded_lines": [], "start_line": 1, "executed_branches": [], "missing_branches": []}}, "classes": {"QubitCalibration": {"executed_lines": [], "summary": {"covered_lines": 0, "num_statements": 0, "percent_covered": 100.0, "percent_covered_display": "100", "missing_lines": 0, "excluded_lines": 0, "percent_statements_covered": 100.0, "percent_statements_covered_display": "100", "num_branches": 0, "num_partial_branches": 0, "covered_branches": 0, "missing_branches": 0, "percent_branches_covered": 100.0, "percent_branches_covered_display": "100"}, "missing_lines": [], "excluded_lines": [], "start_line": 35, "executed_branches": [], "missing_branches": []}, "CouplerCalibration": {"executed_lines": [], "summary": {"covered_lines": 0, "num_statements": 0, "percent_covered": 100.0, "percent_covered_display": "100", "missing_lines": 0, "excluded_lines": 0, "percent_statements_covered": 100.0, "percent_statements_covered_display": "100", "num_branches": 0, "num_partial_branches": 0, "covered_branches": 0, "missing_branches": 0, "percent_branches_covered": 100.0, "percent_branches_covered_display": "100"}, "missing_lines": [], "excluded_lines": [], "start_line": 60, "executed_branches": [], "missing_branches": []}, "BackendCalibration": {"executed_lines": [], "summary": {"covered_lines": 0, "num_statements": 0, "percent_covered": 100.0, "percent_covered_display": "100", "missing_lines": 0, "excluded_lines": 0, "percent_statements_covered": 100.0, "percent_statements_covered_display": "100", "num_branches": 0, "num_partial_branches": 0, "covered_branches": 0, "missing_branches": 0, "percent_branches_covered": 100.0, "percent_branches_covered_display": "100"}, "missing_lines": [], "excluded_lines": [], "start_line": 79, "executed_branches": [], "missing_branches": []}, "CalibrationError": {"executed_lines": [], "summary": {"covered_lines": 0, "num_statements": 0, "percent_covered": 100.0, "percent_covered_display": "100", "missing_lines": 0, "excluded_lines": 0, "percent_statements_covered": 100.0, "percent_statements_covered_display": "100", "num_branches": 0, "num_partial_branches": 0, "covered_branches": 0, "missing_branches": 0, "percent_branches_covered": 100.0, "percent_branches_covered_display": "100"}, "missing_lines": [], "excluded_lines": [], "start_line": 101, "executed_branches": [], "missing_branches": []}, "CalibrationLoader": {"executed_lines": [124, 125, 126, 145, 148, 149, 150, 151, 154, 158, 159, 160, 161, 166, 169, 170, 171, 174, 175, 177, 178, 179, 180, 181, 184, 187, 188, 191, 193, 194, 207, 208, 211, 218, 219, 220, 221, 223, 228, 229, 230, 240, 243, 244, 245, 252, 254, 266, 268, 270, 271, 272, 275, 278, 279, 281, 284, 287, 288, 291, 294, 295, 299, 312, 313, 315, 346, 347, 349], "summary": {"covered_lines": 69, "num_statements": 71, "percent_covered": 95.41284403669725, "percent_covered_display": "95", "missing_lines": 2, "excluded_lines": 0, "percent_statements_covered": 97.1830985915493, "percent_statements_covered_display": "97", "num_branches": 38, "num_partial_branches": 3, "covered_branches": 35, "missing_branches": 3, "percent_branches_covered": 92.10526315789474, "percent_branches_covered_display": "92"}, "missing_lines": [285, 292], "excluded_lines": [], "start_line": 107, "executed_branches": [[148, 149], [148, 154], [150, 151], [158, 159], [158, 166], [160, 161], [160, 166], [169, 170], [169, 174], [174, 175], [174, 177], [187, 188], [187, 191], [207, 208], [207, 211], [218, 219], [218, 223], [220, 218], [220, 221], [229, 230], [229, 243], [244, 245], [244, 254], [268, 270], [268, 287], [271, 272], [271, 275], [278, 279], [278, 281], [284, 268], [287, 288], [287, 294], [291, 287], [294, -264], [294, 295]], "missing_branches": [[150, 154], [284, 285], [291, 292]]}, "": {"executed_lines": [20, 22, 23, 24, 25, 27, 29, 31, 34, 35, 49, 50, 51, 52, 53, 54, 55, 56, 59, 60, 71, 72, 73, 74, 75, 78, 79, 92, 93, 94, 95, 96, 97, 98, 101, 104, 107, 113, 128, 196, 225, 264, 297, 301, 353, 356, 359, 360, 361, 364, 373, 376], "summary": {"covered_lines": 52, "num_statements": 52, "percent_covered": 100.0, "percent_covered_display": "100", "missing_lines": 0, "excluded_lines": 0, "percent_statements_covered": 100.0, "percent_statements_covered_display": "100", "num_branches": 2, "num_partial_branches": 0, "covered_branches": 2, "missing_branches": 0, "percent_branches_covered": 100.0, "percent_branches_covered_display": "100"}, "missing_lines": [], "excluded_lines": [], "start_line": 1, "executed_branches": [[359, 360], [359, 361]], "missing_branches": []}}}, "src/qubitos/cli/__init__.py": {"executed_lines": [22], "summary": {"covered_lines": 1, "num_statements": 1, "percent_covered": 100.0, "percent_covered_display": "100", "missing_lines": 0, "excluded_lines": 0, "percent_statements_covered": 100.0, "percent_statements_covered_display": "100", "num_branches": 0, "num_partial_branches": 0, "covered_branches": 0, "missing_branches": 0, "percent_branches_covered": 100.0, "percent_branches_covered_display": "100"}, "missing_lines": [], "excluded_lines": [], "executed_branches": [], "missing_branches": [], "functions": {"": {"executed_lines": [22], "summary": {"covered_lines": 1, "num_statements": 1, "percent_covered": 100.0, "percent_covered_display": "100", "missing_lines": 0, "excluded_lines": 0, "percent_statements_covered": 100.0, "percent_statements_covered_display": "100", "num_branches": 0, "num_partial_branches": 0, "covered_branches": 0, "missing_branches": 0, "percent_branches_covered": 100.0, "percent_branches_covered_display": "100"}, "missing_lines": [], "excluded_lines": [], "start_line": 1, "executed_branches": [], "missing_branches": []}}, "classes": {"": {"executed_lines": [22], "summary": {"covered_lines": 1, "num_statements": 1, "percent_covered": 100.0, "percent_covered_display": "100", "missing_lines": 0, "excluded_lines": 0, "percent_statements_covered": 100.0, "percent_statements_covered_display": "100", "num_branches": 0, "num_partial_branches": 0, "covered_branches": 0, "missing_branches": 0, "percent_branches_covered": 100.0, "percent_branches_covered_display": "100"}, "missing_lines": [], "excluded_lines": [], "start_line": 1, "executed_branches": [], "missing_branches": []}}}, "src/qubitos/cli/main.py": {"executed_lines": [9, 11, 12, 13, 15, 16, 19, 20, 21, 40, 43, 45, 46, 47, 48, 51, 52, 56, 57, 58, 59, 61, 69, 70, 72, 75, 76, 77, 78, 86, 88, 89, 105, 106, 107, 110, 111, 112, 113, 121, 123, 124, 142, 143, 144, 152, 153, 155, 158, 159, 166, 167, 168, 169, 170, 171, 172, 179, 190, 191, 192, 194, 195, 196, 197, 199, 206, 212, 213, 214, 215, 218, 230, 231, 233, 234, 235, 237, 239, 246, 247, 248, 249, 250, 251, 259, 267, 268, 302, 303, 304, 307, 308, 309, 311, 312, 314, 317, 318, 319, 321, 323, 324, 325, 326, 329, 330, 332, 333, 336, 337, 339, 340, 341, 342, 344, 354, 355, 357, 360, 361, 362, 370, 372, 373, 375, 377, 395, 396, 405, 412, 413, 414, 416, 417, 419, 420, 422, 424, 425, 426, 429, 430, 431, 432, 440, 446, 447, 449, 450, 452, 453, 455, 457, 467, 469, 470, 472, 482, 483, 485, 488, 489, 491, 493, 501, 502, 503, 506], "summary": {"covered_lines": 169, "num_statements": 204, "percent_covered": 81.40495867768595, "percent_covered_display": "81", "missing_lines": 35, "excluded_lines": 0, "percent_statements_covered": 82.84313725490196, "percent_statements_covered_display": "83", "num_branches": 38, "num_partial_branches": 2, "covered_branches": 28, "missing_branches": 10, "percent_branches_covered": 73.6842105263158, "percent_branches_covered_display": "74"}, "missing_lines": [53, 54, 55, 91, 92, 94, 99, 102, 103, 126, 127, 129, 140, 241, 242, 243, 271, 272, 273, 275, 277, 279, 280, 289, 297, 298, 300, 345, 346, 407, 408, 409, 473, 474, 507], "excluded_lines": [], "executed_branches": [[45, 46], [45, 47], [47, 48], [47, 51], [51, -43], [51, 52], [52, 56], [56, 57], [56, 61], [58, 51], [58, 59], [234, 235], [234, 237], [318, 319], [318, 321], [332, 333], [332, 339], [336, -307], [336, 337], [340, 341], [340, 342], [395, 396], [395, 405], [469, -429], [469, 470], [502, -488], [502, 503], [506, -1]], "missing_branches": [[52, 53], [54, 51], [54, 55], [102, -75], [102, 103], [272, 273], [272, 275], [297, 298], [297, 300], [506, 507]], "functions": {"cli": {"executed_lines": [40], "summary": {"covered_lines": 1, "num_statements": 1, "percent_covered": 100.0, "percent_covered_display": "100", "missing_lines": 0, "excluded_lines": 0, "percent_statements_covered": 100.0, "percent_statements_covered_display": "100", "num_branches": 0, "num_partial_branches": 0, "covered_branches": 0, "missing_branches": 0, "percent_branches_covered": 100.0, "percent_branches_covered_display": "100"}, "missing_lines": [], "excluded_lines": [], "start_line": 21, "executed_branches": [], "missing_branches": []}, "_output": {"executed_lines": [45, 46, 47, 48, 51, 52, 56, 57, 58, 59, 61], "summary": {"covered_lines": 11, "num_statements": 14, "percent_covered": 78.57142857142857, "percent_covered_display": "79", "missing_lines": 3, "excluded_lines": 0, "percent_statements_covered": 78.57142857142857, "percent_statements_covered_display": "79", "num_branches": 14, "num_partial_branches": 1, "covered_branches": 11, "missing_branches": 3, "percent_branches_covered": 78.57142857142857, "percent_branches_covered_display": "79"}, "missing_lines": [53, 54, 55], "excluded_lines": [], "start_line": 43, "executed_branches": [[45, 46], [45, 47], [47, 48], [47, 51], [51, -43], [51, 52], [52, 56], [56, 57], [56, 61], [58, 51], [58, 59]], "missing_branches": [[52, 53], [54, 51], [54, 55]]}, "hal": {"executed_lines": [72], "summary": {"covered_lines": 1, "num_statements": 1, "percent_covered": 100.0, "percent_covered_display": "100", "missing_lines": 0, "excluded_lines": 0, "percent_statements_covered": 100.0, "percent_statements_covered_display": "100", "num_branches": 0, "num_partial_branches": 0, "covered_branches": 0, "missing_branches": 0, "percent_branches_covered": 100.0, "percent_branches_covered_display": "100"}, "missing_lines": [], "excluded_lines": [], "start_line": 70, "executed_branches": [], "missing_branches": []}, "health": {"executed_lines": [88, 89, 105, 106, 107], "summary": {"covered_lines": 5, "num_statements": 11, "percent_covered": 38.46153846153846, "percent_covered_display": "38", "missing_lines": 6, "excluded_lines": 0, "percent_statements_covered": 45.45454545454545, "percent_statements_covered_display": "45", "num_branches": 2, "num_partial_branches": 0, "covered_branches": 0, "missing_branches": 2, "percent_branches_covered": 0.0, "percent_branches_covered_display": "0"}, "missing_lines": [91, 92, 94, 99, 102, 103], "excluded_lines": [], "start_line": 86, "executed_branches": [], "missing_branches": [[102, -75], [102, 103]]}, "info": {"executed_lines": [123, 124, 142, 143, 144], "summary": {"covered_lines": 5, "num_statements": 9, "percent_covered": 55.55555555555556, "percent_covered_display": "56", "missing_lines": 4, "excluded_lines": 0, "percent_statements_covered": 55.55555555555556, "percent_statements_covered_display": "56", "num_branches": 0, "num_partial_branches": 0, "covered_branches": 0, "missing_branches": 0, "percent_branches_covered": 100.0, "percent_branches_covered_display": "100"}, "missing_lines": [126, 127, 129, 140], "excluded_lines": [], "start_line": 121, "executed_branches": [], "missing_branches": []}, "pulse": {"executed_lines": [155], "summary": {"covered_lines": 1, "num_statements": 1, "percent_covered": 100.0, "percent_covered_display": "100", "missing_lines": 0, "excluded_lines": 0, "percent_statements_covered": 100.0, "percent_statements_covered_display": "100", "num_branches": 0, "num_partial_branches": 0, "covered_branches": 0, "missing_branches": 0, "percent_branches_covered": 100.0, "percent_branches_covered_display": "100"}, "missing_lines": [], "excluded_lines": [], "start_line": 153, "executed_branches": [], "missing_branches": []}, "generate": {"executed_lines": [190, 191, 192, 194, 195, 196, 197, 199, 206, 212, 213, 214, 215, 218, 230, 231, 233, 234, 235, 237, 239], "summary": {"covered_lines": 21, "num_statements": 24, "percent_covered": 88.46153846153847, "percent_covered_display": "88", "missing_lines": 3, "excluded_lines": 0, "percent_statements_covered": 87.5, "percent_statements_covered_display": "88", "num_branches": 2, "num_partial_branches": 0, "covered_branches": 2, "missing_branches": 0, "percent_branches_covered": 100.0, "percent_branches_covered_display": "100"}, "missing_lines": [241, 242, 243], "excluded_lines": [], "start_line": 179, "executed_branches": [[234, 235], [234, 237]], "missing_branches": []}, "execute": {"executed_lines": [267, 268, 302, 303, 304], "summary": {"covered_lines": 5, "num_statements": 16, "percent_covered": 25.0, "percent_covered_display": "25", "missing_lines": 11, "excluded_lines": 0, "percent_statements_covered": 31.25, "percent_statements_covered_display": "31", "num_branches": 4, "num_partial_branches": 0, "covered_branches": 0, "missing_branches": 4, "percent_branches_covered": 0.0, "percent_branches_covered_display": "0"}, "missing_lines": [271, 272, 273, 275, 277, 279, 280, 289, 297, 298, 300], "excluded_lines": [], "start_line": 259, "executed_branches": [], "missing_branches": [[272, 273], [272, 275], [297, 298], [297, 300]]}, "pulse_validate": {"executed_lines": [311, 312, 314, 317, 318, 319, 321, 323, 324, 325, 326, 329, 330, 332, 333, 336, 337, 339, 340, 341, 342, 344], "summary": {"covered_lines": 22, "num_statements": 24, "percent_covered": 93.75, "percent_covered_display": "94", "missing_lines": 2, "excluded_lines": 0, "percent_statements_covered": 91.66666666666667, "percent_statements_covered_display": "92", "num_branches": 8, "num_partial_branches": 0, "covered_branches": 8, "missing_branches": 0, "percent_branches_covered": 100.0, "percent_branches_covered_display": "100"}, "missing_lines": [345, 346], "excluded_lines": [], "start_line": 309, "executed_branches": [[318, 319], [318, 321], [332, 333], [332, 339], [336, -307], [336, 337], [340, 341], [340, 342]], "missing_branches": []}, "calibration": {"executed_lines": [357], "summary": {"covered_lines": 1, "num_statements": 1, "percent_covered": 100.0, "percent_covered_display": "100", "missing_lines": 0, "excluded_lines": 0, "percent_statements_covered": 100.0, "percent_statements_covered_display": "100", "num_branches": 0, "num_partial_branches": 0, "covered_branches": 0, "missing_branches": 0, "percent_branches_covered": 100.0, "percent_branches_covered_display": "100"}, "missing_lines": [], "excluded_lines": [], "start_line": 355, "executed_branches": [], "missing_branches": []}, "calibration_show": {"executed_lines": [372, 373, 375, 377, 395, 396, 405], "summary": {"covered_lines": 7, "num_statements": 10, "percent_covered": 75.0, "percent_covered_display": "75", "missing_lines": 3, "excluded_lines": 0, "percent_statements_covered": 70.0, "percent_statements_covered_display": "70", "num_branches": 2, "num_partial_branches": 0, "covered_branches": 2, "missing_branches": 0, "percent_branches_covered": 100.0, "percent_branches_covered_display": "100"}, "missing_lines": [407, 408, 409], "excluded_lines": [], "start_line": 370, "executed_branches": [[395, 396], [395, 405]], "missing_branches": []}, "calibration_validate": {"executed_lines": [416, 417, 419, 420, 422, 424, 425, 426], "summary": {"covered_lines": 8, "num_statements": 8, "percent_covered": 100.0, "percent_covered_display": "100", "missing_lines": 0, "excluded_lines": 0, "percent_statements_covered": 100.0, "percent_statements_covered_display": "100", "num_branches": 0, "num_partial_branches": 0, "covered_branches": 0, "missing_branches": 0, "percent_branches_covered": 100.0, "percent_branches_covered_display": "100"}, "missing_lines": [], "excluded_lines": [], "start_line": 414, "executed_branches": [], "missing_branches": []}, "calibration_drift": {"executed_lines": [446, 447, 449, 450, 452, 453, 455, 457, 467, 469, 470, 472], "summary": {"covered_lines": 12, "num_statements": 14, "percent_covered": 87.5, "percent_covered_display": "88", "missing_lines": 2, "excluded_lines": 0, "percent_statements_covered": 85.71428571428571, "percent_statements_covered_display": "86", "num_branches": 2, "num_partial_branches": 0, "covered_branches": 2, "missing_branches": 0, "percent_branches_covered": 100.0, "percent_branches_covered_display": "100"}, "missing_lines": [473, 474], "excluded_lines": [], "start_line": 440, "executed_branches": [[469, -429], [469, 470]], "missing_branches": []}, "config": {"executed_lines": [485], "summary": {"covered_lines": 1, "num_statements": 1, "percent_covered": 100.0, "percent_covered_display": "100", "missing_lines": 0, "excluded_lines": 0, "percent_statements_covered": 100.0, "percent_statements_covered_display": "100", "num_branches": 0, "num_partial_branches": 0, "covered_branches": 0, "missing_branches": 0, "percent_branches_covered": 100.0, "percent_branches_covered_display": "100"}, "missing_lines": [], "excluded_lines": [], "start_line": 483, "executed_branches": [], "missing_branches": []}, "config_show": {"executed_lines": [491, 493, 501, 502, 503], "summary": {"covered_lines": 5, "num_statements": 5, "percent_covered": 100.0, "percent_covered_display": "100", "missing_lines": 0, "excluded_lines": 0, "percent_statements_covered": 100.0, "percent_statements_covered_display": "100", "num_branches": 2, "num_partial_branches": 0, "covered_branches": 2, "missing_branches": 0, "percent_branches_covered": 100.0, "percent_branches_covered_display": "100"}, "missing_lines": [], "excluded_lines": [], "start_line": 489, "executed_branches": [[502, -488], [502, 503]], "missing_branches": []}, "": {"executed_lines": [9, 11, 12, 13, 15, 16, 19, 20, 21, 43, 69, 70, 75, 76, 77, 78, 86, 110, 111, 112, 113, 121, 152, 153, 158, 159, 166, 167, 168, 169, 170, 171, 172, 179, 246, 247, 248, 249, 250, 251, 259, 307, 308, 309, 354, 355, 360, 361, 362, 370, 412, 413, 414, 429, 430, 431, 432, 440, 482, 483, 488, 489, 506], "summary": {"covered_lines": 63, "num_statements": 64, "percent_covered": 96.96969696969697, "percent_covered_display": "97", "missing_lines": 1, "excluded_lines": 0, "percent_statements_covered": 98.4375, "percent_statements_covered_display": "98", "num_branches": 2, "num_partial_branches": 1, "covered_branches": 1, "missing_branches": 1, "percent_branches_covered": 50.0, "percent_branches_covered_display": "50"}, "missing_lines": [507], "excluded_lines": [], "start_line": 1, "executed_branches": [[506, -1]], "missing_branches": [[506, 507]]}}, "classes": {"": {"executed_lines": [9, 11, 12, 13, 15, 16, 19, 20, 21, 40, 43, 45, 46, 47, 48, 51, 52, 56, 57, 58, 59, 61, 69, 70, 72, 75, 76, 77, 78, 86, 88, 89, 105, 106, 107, 110, 111, 112, 113, 121, 123, 124, 142, 143, 144, 152, 153, 155, 158, 159, 166, 167, 168, 169, 170, 171, 172, 179, 190, 191, 192, 194, 195, 196, 197, 199, 206, 212, 213, 214, 215, 218, 230, 231, 233, 234, 235, 237, 239, 246, 247, 248, 249, 250, 251, 259, 267, 268, 302, 303, 304, 307, 308, 309, 311, 312, 314, 317, 318, 319, 321, 323, 324, 325, 326, 329, 330, 332, 333, 336, 337, 339, 340, 341, 342, 344, 354, 355, 357, 360, 361, 362, 370, 372, 373, 375, 377, 395, 396, 405, 412, 413, 414, 416, 417, 419, 420, 422, 424, 425, 426, 429, 430, 431, 432, 440, 446, 447, 449, 450, 452, 453, 455, 457, 467, 469, 470, 472, 482, 483, 485, 488, 489, 491, 493, 501, 502, 503, 506], "summary": {"covered_lines": 169, "num_statements": 204, "percent_covered": 81.40495867768595, "percent_covered_display": "81", "missing_lines": 35, "excluded_lines": 0, "percent_statements_covered": 82.84313725490196, "percent_statements_covered_display": "83", "num_branches": 38, "num_partial_branches": 2, "covered_branches": 28, "missing_branches": 10, "percent_branches_covered": 73.6842105263158, "percent_branches_covered_display": "74"}, "missing_lines": [53, 54, 55, 91, 92, 94, 99, 102, 103, 126, 127, 129, 140, 241, 242, 243, 271, 272, 273, 275, 277, 279, 280, 289, 297, 298, 300, 345, 346, 407, 408, 409, 473, 474, 507], "excluded_lines": [], "start_line": 1, "executed_branches": [[45, 46], [45, 47], [47, 48], [47, 51], [51, -43], [51, 52], [52, 56], [56, 57], [56, 61], [58, 51], [58, 59], [234, 235], [234, 237], [318, 319], [318, 321], [332, 333], [332, 339], [336, -307], [336, 337], [340, 341], [340, 342], [395, 396], [395, 405], [469, -429], [469, 470], [502, -488], [502, 503], [506, -1]], "missing_branches": [[52, 53], [54, 51], [54, 55], [102, -75], [102, 103], [272, 273], [272, 275], [297, 298], [297, 300], [506, 507]]}}}, "src/qubitos/client/__init__.py": {"executed_lines": [32], "summary": {"covered_lines": 1, "num_statements": 2, "percent_covered": 50.0, "percent_covered_display": "50", "missing_lines": 1, "excluded_lines": 0, "percent_statements_covered": 50.0, "percent_statements_covered_display": "50", "num_branches": 0, "num_partial_branches": 0, "covered_branches": 0, "missing_branches": 0, "percent_branches_covered": 100.0, "percent_branches_covered_display": "100"}, "missing_lines": [43], "excluded_lines": [], "executed_branches": [], "missing_branches": [], "functions": {"": {"executed_lines": [32], "summary": {"covered_lines": 1, "num_statements": 2, "percent_covered": 50.0, "percent_covered_display": "50", "missing_lines": 1, "excluded_lines": 0, "percent_statements_covered": 50.0, "percent_statements_covered_display": "50", "num_branches": 0, "num_partial_branches": 0, "covered_branches": 0, "missing_branches": 0, "percent_branches_covered": 100.0, "percent_branches_covered_display": "100"}, "missing_lines": [43], "excluded_lines": [], "start_line": 1, "executed_branches": [], "missing_branches": []}}, "classes": {"": {"executed_lines": [32], "summary": {"covered_lines": 1, "num_statements": 2, "percent_covered": 50.0, "percent_covered_display": "50", "missing_lines": 1, "excluded_lines": 0, "percent_statements_covered": 50.0, "percent_statements_covered_display": "50", "num_branches": 0, "num_partial_branches": 0, "covered_branches": 0, "missing_branches": 0, "percent_branches_covered": 100.0, "percent_branches_covered_display": "100"}, "missing_lines": [43], "excluded_lines": [], "start_line": 1, "executed_branches": [], "missing_branches": []}}}, "src/qubitos/client/hal.py": {"executed_lines": [29, 31, 32, 33, 34, 35, 36, 38, 41], "summary": {"covered_lines": 9, "num_statements": 176, "percent_covered": 4.591836734693878, "percent_covered_display": "5", "missing_lines": 167, "excluded_lines": 2, "percent_statements_covered": 5.113636363636363, "percent_statements_covered_display": "5", "num_branches": 20, "num_partial_branches": 0, "covered_branches": 0, "missing_branches": 20, "percent_branches_covered": 0.0, "percent_branches_covered_display": "0"}, "missing_lines": [54, 57, 60, 61, 62, 63, 66, 69, 70, 73, 74, 89, 90, 91, 92, 93, 94, 95, 96, 97, 100, 101, 114, 115, 116, 117, 118, 119, 120, 123, 124, 133, 134, 135, 138, 141, 142, 143, 146, 167, 182, 183, 184, 185, 187, 188, 189, 191, 193, 194, 196, 198, 199, 200, 201, 202, 204, 207, 208, 210, 212, 213, 214, 216, 218, 219, 220, 221, 222, 223, 225, 227, 228, 230, 232, 234, 236, 237, 241, 253, 254, 256, 257, 258, 264, 265, 266, 267, 269, 275, 276, 281, 293, 294, 296, 297, 298, 303, 304, 318, 319, 324, 356, 357, 360, 361, 364, 366, 368, 381, 391, 397, 398, 404, 405, 407, 408, 410, 411, 413, 423, 424, 429, 435, 436, 438, 439, 440, 444, 446, 447, 453, 455, 461, 464, 466, 480, 484, 494, 495, 496, 498, 499, 502, 503, 504, 505, 506, 507, 509, 510, 512, 513, 515, 516, 517, 519, 520, 522, 523, 525, 526, 528, 529, 531, 532, 535], "excluded_lines": [51, 52], "executed_branches": [], "missing_branches": [[193, 194], [193, 196], [199, 200], [199, 204], [200, 201], [200, 202], [218, -216], [218, 219], [236, -234], [236, 237], [266, 267], [266, 269], [360, 361], [360, 364], [397, 398], [397, 404], [408, 410], [408, 413], [499, 502], [499, 507]], "functions": {"HALClientError.__init__": {"executed_lines": [], "summary": {"covered_lines": 0, "num_statements": 2, "percent_covered": 0.0, "percent_covered_display": "0", "missing_lines": 2, "excluded_lines": 0, "percent_statements_covered": 0.0, "percent_statements_covered_display": "0", "num_branches": 0, "num_partial_branches": 0, "covered_branches": 0, "missing_branches": 0, "percent_branches_covered": 100.0, "percent_branches_covered_display": "100"}, "missing_lines": [142, 143], "excluded_lines": [], "start_line": 141, "executed_branches": [], "missing_branches": []}, "HALClient.__init__": {"executed_lines": [], "summary": {"covered_lines": 0, "num_statements": 7, "percent_covered": 0.0, "percent_covered_display": "0", "missing_lines": 7, "excluded_lines": 0, "percent_statements_covered": 0.0, "percent_statements_covered_display": "0", "num_branches": 0, "num_partial_branches": 0, "covered_branches": 0, "missing_branches": 0, "percent_branches_covered": 100.0, "percent_branches_covered_display": "100"}, "missing_lines": [182, 183, 184, 185, 187, 188, 189], "excluded_lines": [], "start_line": 167, "executed_branches": [], "missing_branches": []}, "HALClient.connect": {"executed_lines": [], "summary": {"covered_lines": 0, "num_statements": 15, "percent_covered": 0.0, "percent_covered_display": "0", "missing_lines": 15, "excluded_lines": 0, "percent_statements_covered": 0.0, "percent_statements_covered_display": "0", "num_branches": 6, "num_partial_branches": 0, "covered_branches": 0, "missing_branches": 6, "percent_branches_covered": 0.0, "percent_branches_covered_display": "0"}, "missing_lines": [193, 194, 196, 198, 199, 200, 201, 202, 204, 207, 208, 210, 212, 213, 214], "excluded_lines": [], "start_line": 191, "executed_branches": [], "missing_branches": [[193, 194], [193, 196], [199, 200], [199, 204], [200, 201], [200, 202]]}, "HALClient.close": {"executed_lines": [], "summary": {"covered_lines": 0, "num_statements": 6, "percent_covered": 0.0, "percent_covered_display": "0", "missing_lines": 6, "excluded_lines": 0, "percent_statements_covered": 0.0, "percent_statements_covered_display": "0", "num_branches": 2, "num_partial_branches": 0, "covered_branches": 0, "missing_branches": 2, "percent_branches_covered": 0.0, "percent_branches_covered_display": "0"}, "missing_lines": [218, 219, 220, 221, 222, 223], "excluded_lines": [], "start_line": 216, "executed_branches": [], "missing_branches": [[218, -216], [218, 219]]}, "HALClient.__aenter__": {"executed_lines": [], "summary": {"covered_lines": 0, "num_statements": 2, "percent_covered": 0.0, "percent_covered_display": "0", "missing_lines": 2, "excluded_lines": 0, "percent_statements_covered": 0.0, "percent_statements_covered_display": "0", "num_branches": 0, "num_partial_branches": 0, "covered_branches": 0, "missing_branches": 0, "percent_branches_covered": 100.0, "percent_branches_covered_display": "100"}, "missing_lines": [227, 228], "excluded_lines": [], "start_line": 225, "executed_branches": [], "missing_branches": []}, "HALClient.__aexit__": {"executed_lines": [], "summary": {"covered_lines": 0, "num_statements": 1, "percent_covered": 0.0, "percent_covered_display": "0", "missing_lines": 1, "excluded_lines": 0, "percent_statements_covered": 0.0, "percent_statements_covered_display": "0", "num_branches": 0, "num_partial_branches": 0, "covered_branches": 0, "missing_branches": 0, "percent_branches_covered": 100.0, "percent_branches_covered_display": "100"}, "missing_lines": [232], "excluded_lines": [], "start_line": 230, "executed_branches": [], "missing_branches": []}, "HALClient._ensure_connected": {"executed_lines": [], "summary": {"covered_lines": 0, "num_statements": 2, "percent_covered": 0.0, "percent_covered_display": "0", "missing_lines": 2, "excluded_lines": 0, "percent_statements_covered": 0.0, "percent_statements_covered_display": "0", "num_branches": 2, "num_partial_branches": 0, "covered_branches": 0, "missing_branches": 2, "percent_branches_covered": 0.0, "percent_branches_covered_display": "0"}, "missing_lines": [236, 237], "excluded_lines": [], "start_line": 234, "executed_branches": [], "missing_branches": [[236, -234], [236, 237]]}, "HALClient.health_check": {"executed_lines": [], "summary": {"covered_lines": 0, "num_statements": 12, "percent_covered": 0.0, "percent_covered_display": "0", "missing_lines": 12, "excluded_lines": 0, "percent_statements_covered": 0.0, "percent_statements_covered_display": "0", "num_branches": 2, "num_partial_branches": 0, "covered_branches": 0, "missing_branches": 2, "percent_branches_covered": 0.0, "percent_branches_covered_display": "0"}, "missing_lines": [253, 254, 256, 257, 258, 264, 265, 266, 267, 269, 275, 276], "excluded_lines": [], "start_line": 241, "executed_branches": [], "missing_branches": [[266, 267], [266, 269]]}, "HALClient.get_hardware_info": {"executed_lines": [], "summary": {"covered_lines": 0, "num_statements": 9, "percent_covered": 0.0, "percent_covered_display": "0", "missing_lines": 9, "excluded_lines": 0, "percent_statements_covered": 0.0, "percent_statements_covered_display": "0", "num_branches": 0, "num_partial_branches": 0, "covered_branches": 0, "missing_branches": 0, "percent_branches_covered": 100.0, "percent_branches_covered_display": "100"}, "missing_lines": [293, 294, 296, 297, 298, 303, 304, 318, 319], "excluded_lines": [], "start_line": 281, "executed_branches": [], "missing_branches": []}, "HALClient.execute_pulse": {"executed_lines": [], "summary": {"covered_lines": 0, "num_statements": 20, "percent_covered": 0.0, "percent_covered_display": "0", "missing_lines": 20, "excluded_lines": 0, "percent_statements_covered": 0.0, "percent_statements_covered_display": "0", "num_branches": 6, "num_partial_branches": 0, "covered_branches": 0, "missing_branches": 6, "percent_branches_covered": 0.0, "percent_branches_covered_display": "0"}, "missing_lines": [356, 357, 360, 361, 364, 366, 368, 381, 391, 397, 398, 404, 405, 407, 408, 410, 411, 413, 423, 424], "excluded_lines": [], "start_line": 324, "executed_branches": [], "missing_branches": [[360, 361], [360, 364], [397, 398], [397, 404], [408, 410], [408, 413]]}, "HALClient.list_backends": {"executed_lines": [], "summary": {"covered_lines": 0, "num_statements": 8, "percent_covered": 0.0, "percent_covered_display": "0", "missing_lines": 8, "excluded_lines": 0, "percent_statements_covered": 0.0, "percent_statements_covered_display": "0", "num_branches": 0, "num_partial_branches": 0, "covered_branches": 0, "missing_branches": 0, "percent_branches_covered": 100.0, "percent_branches_covered_display": "100"}, "missing_lines": [435, 436, 438, 439, 440, 444, 446, 447], "excluded_lines": [], "start_line": 429, "executed_branches": [], "missing_branches": []}, "_parse_health_status": {"executed_lines": [], "summary": {"covered_lines": 0, "num_statements": 2, "percent_covered": 0.0, "percent_covered_display": "0", "missing_lines": 2, "excluded_lines": 0, "percent_statements_covered": 0.0, "percent_statements_covered_display": "0", "num_branches": 0, "num_partial_branches": 0, "covered_branches": 0, "missing_branches": 0, "percent_branches_covered": 100.0, "percent_branches_covered_display": "100"}, "missing_lines": [455, 461], "excluded_lines": [], "start_line": 453, "executed_branches": [], "missing_branches": []}, "_parse_gate_type": {"executed_lines": [], "summary": {"covered_lines": 0, "num_statements": 2, "percent_covered": 0.0, "percent_covered_display": "0", "missing_lines": 2, "excluded_lines": 0, "percent_statements_covered": 0.0, "percent_statements_covered_display": "0", "num_branches": 0, "num_partial_branches": 0, "covered_branches": 0, "missing_branches": 0, "percent_branches_covered": 100.0, "percent_branches_covered_display": "100"}, "missing_lines": [466, 480], "excluded_lines": [], "start_line": 464, "executed_branches": [], "missing_branches": []}, "HALClientSync.__init__": {"executed_lines": [], "summary": {"covered_lines": 0, "num_statements": 2, "percent_covered": 0.0, "percent_covered_display": "0", "missing_lines": 2, "excluded_lines": 0, "percent_statements_covered": 0.0, "percent_statements_covered_display": "0", "num_branches": 0, "num_partial_branches": 0, "covered_branches": 0, "missing_branches": 0, "percent_branches_covered": 100.0, "percent_branches_covered_display": "100"}, "missing_lines": [495, 496], "excluded_lines": [], "start_line": 494, "executed_branches": [], "missing_branches": []}, "HALClientSync._get_loop": {"executed_lines": [], "summary": {"covered_lines": 0, "num_statements": 7, "percent_covered": 0.0, "percent_covered_display": "0", "missing_lines": 7, "excluded_lines": 0, "percent_statements_covered": 0.0, "percent_statements_covered_display": "0", "num_branches": 2, "num_partial_branches": 0, "covered_branches": 0, "missing_branches": 2, "percent_branches_covered": 0.0, "percent_branches_covered_display": "0"}, "missing_lines": [499, 502, 503, 504, 505, 506, 507], "excluded_lines": [], "start_line": 498, "executed_branches": [], "missing_branches": [[499, 502], [499, 507]]}, "HALClientSync.connect": {"executed_lines": [], "summary": {"covered_lines": 0, "num_statements": 1, "percent_covered": 0.0, "percent_covered_display": "0", "missing_lines": 1, "excluded_lines": 0, "percent_statements_covered": 0.0, "percent_statements_covered_display": "0", "num_branches": 0, "num_partial_branches": 0, "covered_branches": 0, "missing_branches": 0, "percent_branches_covered": 100.0, "percent_branches_covered_display": "100"}, "missing_lines": [510], "excluded_lines": [], "start_line": 509, "executed_branches": [], "missing_branches": []}, "HALClientSync.close": {"executed_lines": [], "summary": {"covered_lines": 0, "num_statements": 1, "percent_covered": 0.0, "percent_covered_display": "0", "missing_lines": 1, "excluded_lines": 0, "percent_statements_covered": 0.0, "percent_statements_covered_display": "0", "num_branches": 0, "num_partial_branches": 0, "covered_branches": 0, "missing_branches": 0, "percent_branches_covered": 100.0, "percent_branches_covered_display": "100"}, "missing_lines": [513], "excluded_lines": [], "start_line": 512, "executed_branches": [], "missing_branches": []}, "HALClientSync.__enter__": {"executed_lines": [], "summary": {"covered_lines": 0, "num_statements": 2, "percent_covered": 0.0, "percent_covered_display": "0", "missing_lines": 2, "excluded_lines": 0, "percent_statements_covered": 0.0, "percent_statements_covered_display": "0", "num_branches": 0, "num_partial_branches": 0, "covered_branches": 0, "missing_branches": 0, "percent_branches_covered": 100.0, "percent_branches_covered_display": "100"}, "missing_lines": [516, 517], "excluded_lines": [], "start_line": 515, "executed_branches": [], "missing_branches": []}, "HALClientSync.__exit__": {"executed_lines": [], "summary": {"covered_lines": 0, "num_statements": 1, "percent_covered": 0.0, "percent_covered_display": "0", "missing_lines": 1, "excluded_lines": 0, "percent_statements_covered": 0.0, "percent_statements_covered_display": "0", "num_branches": 0, "num_partial_branches": 0, "covered_branches": 0, "missing_branches": 0, "percent_branches_covered": 100.0, "percent_branches_covered_display": "100"}, "missing_lines": [520], "excluded_lines": [], "start_line": 519, "executed_branches": [], "missing_branches": []}, "HALClientSync.health_check": {"executed_lines": [], "summary": {"covered_lines": 0, "num_statements": 1, "percent_covered": 0.0, "percent_covered_display": "0", "missing_lines": 1, "excluded_lines": 0, "percent_statements_covered": 0.0, "percent_statements_covered_display": "0", "num_branches": 0, "num_partial_branches": 0, "covered_branches": 0, "missing_branches": 0, "percent_branches_covered": 100.0, "percent_branches_covered_display": "100"}, "missing_lines": [523], "excluded_lines": [], "start_line": 522, "executed_branches": [], "missing_branches": []}, "HALClientSync.get_hardware_info": {"executed_lines": [], "summary": {"covered_lines": 0, "num_statements": 1, "percent_covered": 0.0, "percent_covered_display": "0", "missing_lines": 1, "excluded_lines": 0, "percent_statements_covered": 0.0, "percent_statements_covered_display": "0", "num_branches": 0, "num_partial_branches": 0, "covered_branches": 0, "missing_branches": 0, "percent_branches_covered": 100.0, "percent_branches_covered_display": "100"}, "missing_lines": [526], "excluded_lines": [], "start_line": 525, "executed_branches": [], "missing_branches": []}, "HALClientSync.execute_pulse": {"executed_lines": [], "summary": {"covered_lines": 0, "num_statements": 1, "percent_covered": 0.0, "percent_covered_display": "0", "missing_lines": 1, "excluded_lines": 0, "percent_statements_covered": 0.0, "percent_statements_covered_display": "0", "num_branches": 0, "num_partial_branches": 0, "covered_branches": 0, "missing_branches": 0, "percent_branches_covered": 100.0, "percent_branches_covered_display": "100"}, "missing_lines": [529], "excluded_lines": [], "start_line": 528, "executed_branches": [], "missing_branches": []}, "HALClientSync.list_backends": {"executed_lines": [], "summary": {"covered_lines": 0, "num_statements": 1, "percent_covered": 0.0, "percent_covered_display": "0", "missing_lines": 1, "excluded_lines": 0, "percent_statements_covered": 0.0, "percent_statements_covered_display": "0", "num_branches": 0, "num_partial_branches": 0, "covered_branches": 0, "missing_branches": 0, "percent_branches_covered": 100.0, "percent_branches_covered_display": "100"}, "missing_lines": [532], "excluded_lines": [], "start_line": 531, "executed_branches": [], "missing_branches": []}, "": {"executed_lines": [29, 31, 32, 33, 34, 35, 36, 38, 41], "summary": {"covered_lines": 9, "num_statements": 70, "percent_covered": 12.857142857142858, "percent_covered_display": "13", "missing_lines": 61, "excluded_lines": 2, "percent_statements_covered": 12.857142857142858, "percent_statements_covered_display": "13", "num_branches": 0, "num_partial_branches": 0, "covered_branches": 0, "missing_branches": 0, "percent_branches_covered": 100.0, "percent_branches_covered_display": "100"}, "missing_lines": [54, 57, 60, 61, 62, 63, 66, 69, 70, 73, 74, 89, 90, 91, 92, 93, 94, 95, 96, 97, 100, 101, 114, 115, 116, 117, 118, 119, 120, 123, 124, 133, 134, 135, 138, 141, 146, 167, 191, 216, 225, 230, 234, 241, 281, 324, 429, 453, 464, 484, 494, 498, 509, 512, 515, 519, 522, 525, 528, 531, 535], "excluded_lines": [51, 52], "start_line": 1, "executed_branches": [], "missing_branches": []}}, "classes": {"HealthStatus": {"executed_lines": [], "summary": {"covered_lines": 0, "num_statements": 0, "percent_covered": 100.0, "percent_covered_display": "100", "missing_lines": 0, "excluded_lines": 0, "percent_statements_covered": 100.0, "percent_statements_covered_display": "100", "num_branches": 0, "num_partial_branches": 0, "covered_branches": 0, "missing_branches": 0, "percent_branches_covered": 100.0, "percent_branches_covered_display": "100"}, "missing_lines": [], "excluded_lines": [], "start_line": 57, "executed_branches": [], "missing_branches": []}, "BackendType": {"executed_lines": [], "summary": {"covered_lines": 0, "num_statements": 0, "percent_covered": 100.0, "percent_covered_display": "100", "missing_lines": 0, "excluded_lines": 0, "percent_statements_covered": 100.0, "percent_statements_covered_display": "100", "num_branches": 0, "num_partial_branches": 0, "covered_branches": 0, "missing_branches": 0, "percent_branches_covered": 100.0, "percent_branches_covered_display": "100"}, "missing_lines": [], "excluded_lines": [], "start_line": 66, "executed_branches": [], "missing_branches": []}, "HardwareInfo": {"executed_lines": [], "summary": {"covered_lines": 0, "num_statements": 0, "percent_covered": 100.0, "percent_covered_display": "100", "missing_lines": 0, "excluded_lines": 0, "percent_statements_covered": 100.0, "percent_statements_covered_display": "100", "num_branches": 0, "num_partial_branches": 0, "covered_branches": 0, "missing_branches": 0, "percent_branches_covered": 100.0, "percent_branches_covered_display": "100"}, "missing_lines": [], "excluded_lines": [], "start_line": 74, "executed_branches": [], "missing_branches": []}, "MeasurementResult": {"executed_lines": [], "summary": {"covered_lines": 0, "num_statements": 0, "percent_covered": 100.0, "percent_covered_display": "100", "missing_lines": 0, "excluded_lines": 0, "percent_statements_covered": 100.0, "percent_statements_covered_display": "100", "num_branches": 0, "num_partial_branches": 0, "covered_branches": 0, "missing_branches": 0, "percent_branches_covered": 100.0, "percent_branches_covered_display": "100"}, "missing_lines": [], "excluded_lines": [], "start_line": 101, "executed_branches": [], "missing_branches": []}, "HealthCheckResult": {"executed_lines": [], "summary": {"covered_lines": 0, "num_statements": 0, "percent_covered": 100.0, "percent_covered_display": "100", "missing_lines": 0, "excluded_lines": 0, "percent_statements_covered": 100.0, "percent_statements_covered_display": "100", "num_branches": 0, "num_partial_branches": 0, "covered_branches": 0, "missing_branches": 0, "percent_branches_covered": 100.0, "percent_branches_covered_display": "100"}, "missing_lines": [], "excluded_lines": [], "start_line": 124, "executed_branches": [], "missing_branches": []}, "HALClientError": {"executed_lines": [], "summary": {"covered_lines": 0, "num_statements": 2, "percent_covered": 0.0, "percent_covered_display": "0", "missing_lines": 2, "excluded_lines": 0, "percent_statements_covered": 0.0, "percent_statements_covered_display": "0", "num_branches": 0, "num_partial_branches": 0, "covered_branches": 0, "missing_branches": 0, "percent_branches_covered": 100.0, "percent_branches_covered_display": "100"}, "missing_lines": [142, 143], "excluded_lines": [], "start_line": 138, "executed_branches": [], "missing_branches": []}, "HALClient": {"executed_lines": [], "summary": {"covered_lines": 0, "num_statements": 82, "percent_covered": 0.0, "percent_covered_display": "0", "missing_lines": 82, "excluded_lines": 0, "percent_statements_covered": 0.0, "percent_statements_covered_display": "0", "num_branches": 18, "num_partial_branches": 0, "covered_branches": 0, "missing_branches": 18, "percent_branches_covered": 0.0, "percent_branches_covered_display": "0"}, "missing_lines": [182, 183, 184, 185, 187, 188, 189, 193, 194, 196, 198, 199, 200, 201, 202, 204, 207, 208, 210, 212, 213, 214, 218, 219, 220, 221, 222, 223, 227, 228, 232, 236, 237, 253, 254, 256, 257, 258, 264, 265, 266, 267, 269, 275, 276, 293, 294, 296, 297, 298, 303, 304, 318, 319, 356, 357, 360, 361, 364, 366, 368, 381, 391, 397, 398, 404, 405, 407, 408, 410, 411, 413, 423, 424, 435, 436, 438, 439, 440, 444, 446, 447], "excluded_lines": [], "start_line": 146, "executed_branches": [], "missing_branches": [[193, 194], [193, 196], [199, 200], [199, 204], [200, 201], [200, 202], [218, -216], [218, 219], [236, -234], [236, 237], [266, 267], [266, 269], [360, 361], [360, 364], [397, 398], [397, 404], [408, 410], [408, 413]]}, "HALClientSync": {"executed_lines": [], "summary": {"covered_lines": 0, "num_statements": 18, "percent_covered": 0.0, "percent_covered_display": "0", "missing_lines": 18, "excluded_lines": 0, "percent_statements_covered": 0.0, "percent_statements_covered_display": "0", "num_branches": 2, "num_partial_branches": 0, "covered_branches": 0, "missing_branches": 2, "percent_branches_covered": 0.0, "percent_branches_covered_display": "0"}, "missing_lines": [495, 496, 499, 502, 503, 504, 505, 506, 507, 510, 513, 516, 517, 520, 523, 526, 529, 532], "excluded_lines": [], "start_line": 484, "executed_branches": [], "missing_branches": [[499, 502], [499, 507]]}, "": {"executed_lines": [29, 31, 32, 33, 34, 35, 36, 38, 41], "summary": {"covered_lines": 9, "num_statements": 74, "percent_covered": 12.162162162162161, "percent_covered_display": "12", "missing_lines": 65, "excluded_lines": 2, "percent_statements_covered": 12.162162162162161, "percent_statements_covered_display": "12", "num_branches": 0, "num_partial_branches": 0, "covered_branches": 0, "missing_branches": 0, "percent_branches_covered": 100.0, "percent_branches_covered_display": "100"}, "missing_lines": [54, 57, 60, 61, 62, 63, 66, 69, 70, 73, 74, 89, 90, 91, 92, 93, 94, 95, 96, 97, 100, 101, 114, 115, 116, 117, 118, 119, 120, 123, 124, 133, 134, 135, 138, 141, 146, 167, 191, 216, 225, 230, 234, 241, 281, 324, 429, 453, 455, 461, 464, 466, 480, 484, 494, 498, 509, 512, 515, 519, 522, 525, 528, 531, 535], "excluded_lines": [51, 52], "start_line": 1, "executed_branches": [], "missing_branches": []}}}, "src/qubitos/pulsegen/__init__.py": {"executed_lines": [35, 42, 57, 70], "summary": {"covered_lines": 4, "num_statements": 4, "percent_covered": 100.0, "percent_covered_display": "100", "missing_lines": 0, "excluded_lines": 0, "percent_statements_covered": 100.0, "percent_statements_covered_display": "100", "num_branches": 0, "num_partial_branches": 0, "covered_branches": 0, "missing_branches": 0, "percent_branches_covered": 100.0, "percent_branches_covered_display": "100"}, "missing_lines": [], "excluded_lines": [], "executed_branches": [], "missing_branches": [], "functions": {"": {"executed_lines": [35, 42, 57, 70], "summary": {"covered_lines": 4, "num_statements": 4, "percent_covered": 100.0, "percent_covered_display": "100", "missing_lines": 0, "excluded_lines": 0, "percent_statements_covered": 100.0, "percent_statements_covered_display": "100", "num_branches": 0, "num_partial_branches": 0, "covered_branches": 0, "missing_branches": 0, "percent_branches_covered": 100.0, "percent_branches_covered_display": "100"}, "missing_lines": [], "excluded_lines": [], "start_line": 1, "executed_branches": [], "missing_branches": []}}, "classes": {"": {"executed_lines": [35, 42, 57, 70], "summary": {"covered_lines": 4, "num_statements": 4, "percent_covered": 100.0, "percent_covered_display": "100", "missing_lines": 0, "excluded_lines": 0, "percent_statements_covered": 100.0, "percent_statements_covered_display": "100", "num_branches": 0, "num_partial_branches": 0, "covered_branches": 0, "missing_branches": 0, "percent_branches_covered": 100.0, "percent_branches_covered_display": "100"}, "missing_lines": [], "excluded_lines": [], "start_line": 1, "executed_branches": [], "missing_branches": []}}}, "src/qubitos/pulsegen/grape.py": {"executed_lines": [34, 36, 37, 38, 39, 41, 42, 43, 45, 48, 51, 54, 58, 59, 60, 61, 62, 63, 64, 65, 67, 68, 69, 71, 74, 75, 91, 92, 93, 94, 95, 96, 97, 98, 99, 100, 102, 104, 108, 110, 112, 113, 114, 118, 119, 132, 133, 134, 135, 136, 137, 138, 141, 147, 153, 154, 156, 182, 183, 187, 190, 197, 204, 205, 207, 208, 211, 217, 218, 219, 222, 223, 224, 225, 227, 229, 234, 237, 238, 241, 242, 243, 244, 247, 248, 251, 262, 263, 264, 271, 276, 281, 286, 287, 288, 291, 292, 295, 296, 299, 302, 304, 314, 316, 319, 320, 321, 323, 325, 326, 328, 329, 330, 331, 333, 334, 336, 338, 340, 349, 350, 352, 354, 357, 358, 359, 360, 361, 365, 366, 368, 370, 374, 375, 376, 377, 379, 393, 394, 395, 399, 401, 426, 427, 429, 430, 433, 437, 441, 442, 443, 446, 447, 448, 449, 452, 453, 454, 458, 459, 462, 465, 467, 468, 470, 475, 477, 479, 481, 483, 487, 490, 493, 494, 495, 497, 502, 505, 535, 538, 539, 542, 543, 548, 549, 552, 555, 556, 558, 561], "summary": {"covered_lines": 190, "num_statements": 206, "percent_covered": 88.04347826086956, "percent_covered_display": "88", "missing_lines": 16, "excluded_lines": 0, "percent_statements_covered": 92.23300970873787, "percent_statements_covered_display": "92", "num_branches": 70, "num_partial_branches": 15, "covered_branches": 53, "missing_branches": 17, "percent_branches_covered": 75.71428571428571, "percent_branches_covered_display": "76"}, "missing_lines": [105, 109, 111, 115, 191, 194, 198, 212, 265, 268, 272, 273, 282, 283, 498, 500], "excluded_lines": [], "executed_branches": [[104, 108], [108, 110], [110, 112], [112, 113], [112, 114], [114, -102], [190, 197], [197, 204], [204, 205], [207, 208], [211, 217], [227, 229], [227, 299], [241, 242], [247, 248], [247, 262], [262, 263], [262, 271], [264, 271], [271, 276], [281, 286], [295, 227], [295, 296], [323, 325], [323, 338], [328, 329], [328, 336], [329, 330], [329, 333], [352, 354], [352, 368], [357, 358], [357, 365], [359, 357], [359, 360], [375, 376], [375, 377], [442, 443], [442, 446], [447, 448], [447, 449], [452, 453], [452, 475], [458, 452], [458, 459], [467, 468], [467, 470], [493, 494], [493, 502], [495, 497], [538, 539], [542, 543], [542, 548]], "missing_branches": [[104, 105], [108, 109], [110, 111], [114, 115], [190, 191], [197, 198], [204, 207], [207, 211], [211, 212], [241, 247], [264, 265], [271, 272], [281, 282], [495, 498], [498, 500], [498, 502], [538, 542]], "functions": {"GrapeConfig.__post_init__": {"executed_lines": [104, 108, 110, 112, 113, 114], "summary": {"covered_lines": 6, "num_statements": 10, "percent_covered": 60.0, "percent_covered_display": "60", "missing_lines": 4, "excluded_lines": 0, "percent_statements_covered": 60.0, "percent_statements_covered_display": "60", "num_branches": 10, "num_partial_branches": 4, "covered_branches": 6, "missing_branches": 4, "percent_branches_covered": 60.0, "percent_branches_covered_display": "60"}, "missing_lines": [105, 109, 111, 115], "excluded_lines": [], "start_line": 102, "executed_branches": [[104, 108], [108, 110], [110, 112], [112, 113], [112, 114], [114, -102]], "missing_branches": [[104, 105], [108, 109], [110, 111], [114, 115]]}, "GrapeOptimizer.__init__": {"executed_lines": [153, 154], "summary": {"covered_lines": 2, "num_statements": 2, "percent_covered": 100.0, "percent_covered_display": "100", "missing_lines": 0, "excluded_lines": 0, "percent_statements_covered": 100.0, "percent_statements_covered_display": "100", "num_branches": 0, "num_partial_branches": 0, "covered_branches": 0, "missing_branches": 0, "percent_branches_covered": 100.0, "percent_branches_covered_display": "100"}, "missing_lines": [], "excluded_lines": [], "start_line": 147, "executed_branches": [], "missing_branches": []}, "GrapeOptimizer.optimize": {"executed_lines": [182, 183, 187, 190, 197, 204, 205, 207, 208, 211, 217, 218, 219, 222, 223, 224, 225, 227, 229, 234, 237, 238, 241, 242, 243, 244, 247, 248, 251, 262, 263, 264, 271, 276, 281, 286, 287, 288, 291, 292, 295, 296, 299, 302, 304], "summary": {"covered_lines": 45, "num_statements": 55, "percent_covered": 76.54320987654322, "percent_covered_display": "77", "missing_lines": 10, "excluded_lines": 0, "percent_statements_covered": 81.81818181818181, "percent_statements_covered_display": "82", "num_branches": 26, "num_partial_branches": 9, "covered_branches": 17, "missing_branches": 9, "percent_branches_covered": 65.38461538461539, "percent_branches_covered_display": "65"}, "missing_lines": [191, 194, 198, 212, 265, 268, 272, 273, 282, 283], "excluded_lines": [], "start_line": 156, "executed_branches": [[190, 197], [197, 204], [204, 205], [207, 208], [211, 217], [227, 229], [227, 299], [241, 242], [247, 248], [247, 262], [262, 263], [262, 271], [264, 271], [271, 276], [281, 286], [295, 227], [295, 296]], "missing_branches": [[190, 191], [197, 198], [204, 207], [207, 211], [211, 212], [241, 247], [264, 265], [271, 272], [281, 282]]}, "GrapeOptimizer._default_control_hamiltonians": {"executed_lines": [316, 319, 320, 321, 323, 325, 326, 328, 329, 330, 331, 333, 334, 336, 338], "summary": {"covered_lines": 15, "num_statements": 15, "percent_covered": 100.0, "percent_covered_display": "100", "missing_lines": 0, "excluded_lines": 0, "percent_statements_covered": 100.0, "percent_statements_covered_display": "100", "num_branches": 6, "num_partial_branches": 0, "covered_branches": 6, "missing_branches": 0, "percent_branches_covered": 100.0, "percent_branches_covered_display": "100"}, "missing_lines": [], "excluded_lines": [], "start_line": 314, "executed_branches": [[323, 325], [323, 338], [328, 329], [328, 336], [329, 330], [329, 333]], "missing_branches": []}, "GrapeOptimizer._compute_propagators": {"executed_lines": [349, 350, 352, 354, 357, 358, 359, 360, 361, 365, 366, 368], "summary": {"covered_lines": 12, "num_statements": 12, "percent_covered": 100.0, "percent_covered_display": "100", "missing_lines": 0, "excluded_lines": 0, "percent_statements_covered": 100.0, "percent_statements_covered_display": "100", "num_branches": 6, "num_partial_branches": 0, "covered_branches": 6, "missing_branches": 0, "percent_branches_covered": 100.0, "percent_branches_covered_display": "100"}, "missing_lines": [], "excluded_lines": [], "start_line": 340, "executed_branches": [[352, 354], [352, 368], [357, 358], [357, 365], [359, 357], [359, 360]], "missing_branches": []}, "GrapeOptimizer._chain_propagators": {"executed_lines": [374, 375, 376, 377], "summary": {"covered_lines": 4, "num_statements": 4, "percent_covered": 100.0, "percent_covered_display": "100", "missing_lines": 0, "excluded_lines": 0, "percent_statements_covered": 100.0, "percent_statements_covered_display": "100", "num_branches": 2, "num_partial_branches": 0, "covered_branches": 2, "missing_branches": 0, "percent_branches_covered": 100.0, "percent_branches_covered_display": "100"}, "missing_lines": [], "excluded_lines": [], "start_line": 370, "executed_bran
[...]
459, 462, 469, 472], "summary": {"covered_lines": 158, "num_statements": 178, "percent_covered": 86.47540983606558, "percent_covered_display": "86", "missing_lines": 20, "excluded_lines": 0, "percent_statements_covered": 88.76404494382022, "percent_statements_covered_display": "89", "num_branches": 66, "num_partial_branches": 11, "covered_branches": 53, "missing_branches": 13, "percent_branches_covered": 80.3030303030303, "percent_branches_covered_display": "80"}, "missing_lines": [46, 47, 48, 83, 84, 86, 127, 149, 150, 153, 154, 167, 186, 187, 223, 233, 298, 299, 309, 335], "excluded_lines": [], "executed_branches": [[70, 71], [70, 72], [110, 111], [110, 114], [114, 115], [114, 119], [122, 123], [122, 126], [126, 129], [148, 152], [152, 157], [162, 163], [162, 166], [166, 169], [185, 189], [189, 190], [189, 191], [191, 192], [191, 193], [193, 194], [193, 195], [195, 196], [195, 199], [199, 200], [199, 202], [222, 226], [226, 227], [226, 230], [230, 231], [230, 232], [232, 236], [237, 238], [237, 241], [241, 242], [241, 246], [265, 266], [265, 267], [267, 268], [267, 270], [270, 271], [270, 274], [274, 275], [274, 278], [278, 279], [278, 281], [334, -332], [357, 363], [395, 397], [424, 425], [424, 429], [429, 430], [429, 434], [434, 436]], "missing_branches": [[83, 84], [83, 86], [126, 127], [148, 149], [152, 153], [166, 167], [185, 186], [222, 223], [232, 233], [334, 335], [357, 365], [395, 399], [434, 438]], "functions": {"ValidationError.__init__": {"executed_lines": [], "summary": {"covered_lines": 0, "num_statements": 3, "percent_covered": 0.0, "percent_covered_display": "0", "missing_lines": 3, "excluded_lines": 0, "percent_statements_covered": 0.0, "percent_statements_covered_display": "0", "num_branches": 0, "num_partial_branches": 0, "covered_branches": 0, "missing_branches": 0, "percent_branches_covered": 100.0, "percent_branches_covered_display": "100"}, "missing_lines": [46, 47, 48], "excluded_lines": [], "start_line": 45, "executed_branches": [], "missing_branches": []}, "ValidationResult.__bool__": {"executed_lines": [60], "summary": {"covered_lines": 1, "num_statements": 1, "percent_covered": 100.0, "percent_covered_display": "100", "missing_lines": 0, "excluded_lines": 0, "percent_statements_covered": 100.0, "percent_statements_covered_display": "100", "num_branches": 0, "num_partial_branches": 0, "covered_branches": 0, "missing_branches": 0, "percent_branches_covered": 100.0, "percent_branches_covered_display": "100"}, "missing_lines": [], "excluded_lines": [], "start_line": 59, "executed_branches": [], "missing_branches": []}, "get_strictness": {"executed_lines": [69, 70, 71, 72], "summary": {"covered_lines": 4, "num_statements": 4, "percent_covered": 100.0, "percent_covered_display": "100", "missing_lines": 0, "excluded_lines": 0, "percent_statements_covered": 100.0, "percent_statements_covered_display": "100", "num_branches": 2, "num_partial_branches": 0, "covered_branches": 2, "missing_branches": 0, "percent_branches_covered": 100.0, "percent_branches_covered_display": "100"}, "missing_lines": [], "excluded_lines": [], "start_line": 67, "executed_branches": [[70, 71], [70, 72]], "missing_branches": []}, "set_strictness": {"executed_lines": [78], "summary": {"covered_lines": 1, "num_statements": 1, "percent_covered": 100.0, "percent_covered_display": "100", "missing_lines": 0, "excluded_lines": 0, "percent_statements_covered": 100.0, "percent_statements_covered_display": "100", "num_branches": 0, "num_partial_branches": 0, "covered_branches": 0, "missing_branches": 0, "percent_branches_covered": 100.0, "percent_branches_covered_display": "100"}, "missing_lines": [], "excluded_lines": [], "start_line": 75, "executed_branches": [], "missing_branches": []}, "_handle_validation_failure": {"executed_lines": [], "summary": {"covered_lines": 0, "num_statements": 3, "percent_covered": 0.0, "percent_covered_display": "0", "missing_lines": 3, "excluded_lines": 0, "percent_statements_covered": 0.0, "percent_statements_covered_display": "0", "num_branches": 2, "num_partial_branches": 0, "covered_branches": 0, "missing_branches": 2, "percent_branches_covered": 0.0, "percent_branches_covered_display": "0"}, "missing_lines": [83, 84, 86], "excluded_lines": [], "start_line": 81, "executed_branches": [], "missing_branches": [[83, 84], [83, 86]]}, "validate_hermitian": {"executed_lines": [107, 108, 110, 111, 112, 114, 115, 116, 119, 120, 122, 123, 126, 129], "summary": {"covered_lines": 14, "num_statements": 15, "percent_covered": 91.30434782608695, "percent_covered_display": "91", "missing_lines": 1, "excluded_lines": 0, "percent_statements_covered": 93.33333333333333, "percent_statements_covered_display": "93", "num_branches": 8, "num_partial_branches": 1, "covered_branches": 7, "missing_branches": 1, "percent_branches_covered": 87.5, "percent_branches_covered_display": "88"}, "missing_lines": [127], "excluded_lines": [], "start_line": 94, "executed_branches": [[110, 111], [110, 114], [114, 115], [114, 119], [122, 123], [122, 126], [126, 129]], "missing_branches": [[126, 127]]}, "validate_unitary": {"executed_lines": [145, 146, 148, 152, 157, 158, 159, 160, 162, 163, 166, 169], "summary": {"covered_lines": 12, "num_statements": 17, "percent_covered": 68.0, "percent_covered_display": "68", "missing_lines": 5, "excluded_lines": 0, "percent_statements_covered": 70.58823529411765, "percent_statements_covered_display": "71", "num_branches": 8, "num_partial_branches": 3, "covered_branches": 5, "missing_branches": 3, "percent_branches_covered": 62.5, "percent_branches_covered_display": "62"}, "missing_lines": [149, 150, 153, 154, 167], "excluded_lines": [], "start_line": 132, "executed_branches": [[148, 152], [152, 157], [162, 163], [162, 166], [166, 169]], "missing_branches": [[148, 149], [152, 153], [166, 167]]}, "validate_fidelity": {"executed_lines": [182, 183, 185, 189, 190, 191, 192, 193, 194, 195, 196, 199, 200, 202], "summary": {"covered_lines": 14, "num_statements": 16, "percent_covered": 89.28571428571429, "percent_covered_display": "89", "missing_lines": 2, "excluded_lines": 0, "percent_statements_covered": 87.5, "percent_statements_covered_display": "88", "num_branches": 12, "num_partial_branches": 1, "covered_branches": 11, "missing_branches": 1, "percent_branches_covered": 91.66666666666667, "percent_branches_covered_display": "92"}, "missing_lines": [186, 187], "excluded_lines": [], "start_line": 172, "executed_branches": [[185, 189], [189, 190], [189, 191], [191, 192], [191, 193], [193, 194], [193, 195], [195, 196], [195, 199], [199, 200], [199, 202]], "missing_branches": [[185, 186]]}, "validate_pulse_envelope": {"executed_lines": [219, 220, 222, 226, 227, 230, 231, 232, 236, 237, 238, 241, 242, 246], "summary": {"covered_lines": 14, "num_statements": 16, "percent_covered": 85.71428571428571, "percent_covered_display": "86", "missing_lines": 2, "excluded_lines": 0, "percent_statements_covered": 87.5, "percent_statements_covered_display": "88", "num_branches": 12, "num_partial_branches": 2, "covered_branches": 10, "missing_branches": 2, "percent_branches_covered": 83.33333333333333, "percent_branches_covered_display": "83"}, "missing_lines": [223, 233], "excluded_lines": [], "start_line": 205, "executed_branches": [[222, 226], [226, 227], [226, 230], [230, 231], [230, 232], [232, 236], [237, 238], [237, 241], [241, 242], [241, 246]], "missing_branches": [[222, 223], [232, 233]]}, "validate_calibration_t1_t2": {"executed_lines": [261, 262, 265, 266, 267, 268, 270, 271, 274, 275, 278, 279, 281], "summary": {"covered_lines": 13, "num_statements": 13, "percent_covered": 100.0, "percent_covered_display": "100", "missing_lines": 0, "excluded_lines": 0, "percent_statements_covered": 100.0, "percent_statements_covered_display": "100", "num_branches": 10, "num_partial_branches": 0, "covered_branches": 10, "missing_branches": 0, "percent_branches_covered": 100.0, "percent_branches_covered_display": "100"}, "missing_lines": [], "excluded_lines": [], "start_line": 249, "executed_branches": [[265, 266], [265, 267], [267, 268], [267, 270], [270, 271], [270, 274], [274, 275], [274, 278], [278, 279], [278, 281]], "missing_branches": []}, "is_agentbible_available": {"executed_lines": [304], "summary": {"covered_lines": 1, "num_statements": 1, "percent_covered": 100.0, "percent_covered_display": "100", "missing_lines": 0, "excluded_lines": 0, "percent_statements_covered": 100.0, "percent_statements_covered_display": "100", "num_branches": 0, "num_partial_branches": 0, "covered_branches": 0, "missing_branches": 0, "percent_branches_covered": 100.0, "percent_branches_covered_display": "100"}, "missing_lines": [], "excluded_lines": [], "start_line": 302, "executed_branches": [], "missing_branches": []}, "get_agentbible_import_error": {"executed_lines": [], "summary": {"covered_lines": 0, "num_statements": 1, "percent_covered": 0.0, "percent_covered_display": "0", "missing_lines": 1, "excluded_lines": 0, "percent_statements_covered": 0.0, "percent_statements_covered_display": "0", "num_branches": 0, "num_partial_branches": 0, "covered_branches": 0, "missing_branches": 0, "percent_branches_covered": 100.0, "percent_branches_covered_display": "100"}, "missing_lines": [309], "excluded_lines": [], "start_line": 307, "executed_branches": [], "missing_branches": []}, "AgentBibleValidator.__init__": {"executed_lines": [333, 334], "summary": {"covered_lines": 2, "num_statements": 3, "percent_covered": 60.0, "percent_covered_display": "60", "missing_lines": 1, "excluded_lines": 0, "percent_statements_covered": 66.66666666666667, "percent_statements_covered_display": "67", "num_branches": 2, "num_partial_branches": 1, "covered_branches": 1, "missing_branches": 1, "percent_branches_covered": 50.0, "percent_branches_covered_display": "50"}, "missing_lines": [335], "excluded_lines": [], "start_line": 332, "executed_branches": [[334, -332]], "missing_branches": [[334, 335]]}, "AgentBibleValidator.available": {"executed_lines": [342], "summary": {"covered_lines": 1, "num_statements": 1, "percent_covered": 100.0, "percent_covered_display": "100", "missing_lines": 0, "excluded_lines": 0, "percent_statements_covered": 100.0, "percent_statements_covered_display": "100", "num_branches": 0, "num_partial_branches": 0, "covered_branches": 0, "missing_branches": 0, "percent_branches_covered": 100.0, "percent_branches_covered_display": "100"}, "missing_lines": [], "excluded_lines": [], "start_line": 340, "executed_branches": [], "missing_branches": []}, "AgentBibleValidator.validate_hamiltonian": {"executed_lines": [355, 357, 363, 365], "summary": {"covered_lines": 4, "num_statements": 4, "percent_covered": 83.33333333333333, "percent_covered_display": "83", "missing_lines": 0, "excluded_lines": 0, "percent_statements_covered": 100.0, "percent_statements_covered_display": "100", "num_branches": 2, "num_partial_branches": 1, "covered_branches": 1, "missing_branches": 1, "percent_branches_covered": 50.0, "percent_branches_covered_display": "50"}, "missing_lines": [], "excluded_lines": [], "start_line": 344, "executed_branches": [[357, 363]], "missing_branches": [[357, 365]]}, "AgentBibleValidator.validate_pulse": {"executed_lines": [382, 383, 386, 387, 388, 391, 392, 393, 395, 397, 399], "summary": {"covered_lines": 11, "num_statements": 11, "percent_covered": 92.3076923076923, "percent_covered_display": "92", "missing_lines": 0, "excluded_lines": 0, "percent_statements_covered": 100.0, "percent_statements_covered_display": "100", "num_branches": 2, "num_partial_branches": 1, "covered_branches": 1, "missing_branches": 1, "percent_branches_covered": 50.0, "percent_branches_covered_display": "50"}, "missing_lines": [], "excluded_lines": [], "start_line": 367, "executed_branches": [[395, 397]], "missing_branches": [[395, 399]]}, "AgentBibleValidator.validate_calibration": {"executed_lines": [415, 416, 419, 420, 421, 424, 425, 426, 427, 429, 430, 431, 432, 434, 436, 438], "summary": {"covered_lines": 16, "num_statements": 16, "percent_covered": 95.45454545454545, "percent_covered_display": "95", "missing_lines": 0, "excluded_lines": 0, "percent_statements_covered": 100.0, "percent_statements_covered_display": "100", "num_branches": 6, "num_partial_branches": 1, "covered_branches": 5, "missing_branches": 1, "percent_branches_covered": 83.33333333333333, "percent_branches_covered_display": "83"}, "missing_lines": [], "excluded_lines": [], "start_line": 401, "executed_branches": [[424, 425], [424, 429], [429, 430], [429, 434], [434, 436]], "missing_branches": [[434, 438]]}, "validate_hamiltonian": {"executed_lines": [452], "summary": {"covered_lines": 1, "num_statements": 1, "percent_covered": 100.0, "percent_covered_display": "100", "missing_lines": 0, "excluded_lines": 0, "percent_statements_covered": 100.0, "percent_statements_covered_display": "100", "num_branches": 0, "num_partial_branches": 0, "covered_branches": 0, "missing_branches": 0, "percent_branches_covered": 100.0, "percent_branches_covered_display": "100"}, "missing_lines": [], "excluded_lines": [], "start_line": 450, "executed_branches": [], "missing_branches": []}, "validate_pulse": {"executed_lines": [459], "summary": {"covered_lines": 1, "num_statements": 1, "percent_covered": 100.0, "percent_covered_display": "100", "missing_lines": 0, "excluded_lines": 0, "percent_statements_covered": 100.0, "percent_statements_covered_display": "100", "num_branches": 0, "num_partial_branches": 0, "covered_branches": 0, "missing_branches": 0, "percent_branches_covered": 100.0, "percent_branches_covered_display": "100"}, "missing_lines": [], "excluded_lines": [], "start_line": 455, "executed_branches": [], "missing_branches": []}, "validate_calibration": {"executed_lines": [469], "summary": {"covered_lines": 1, "num_statements": 1, "percent_covered": 100.0, "percent_covered_display": "100", "missing_lines": 0, "excluded_lines": 0, "percent_statements_covered": 100.0, "percent_statements_covered_display": "100", "num_branches": 0, "num_partial_branches": 0, "covered_branches": 0, "missing_branches": 0, "percent_branches_covered": 100.0, "percent_branches_covered_display": "100"}, "missing_lines": [], "excluded_lines": [], "start_line": 462, "executed_branches": [], "missing_branches": []}, "": {"executed_lines": [22, 24, 25, 26, 27, 28, 30, 32, 35, 38, 39, 42, 45, 51, 52, 55, 56, 57, 59, 64, 67, 75, 81, 94, 132, 172, 205, 249, 288, 289, 291, 295, 297, 302, 307, 312, 332, 339, 340, 344, 367, 401, 442, 450, 455, 462, 472], "summary": {"covered_lines": 47, "num_statements": 49, "percent_covered": 95.91836734693878, "percent_covered_display": "96", "missing_lines": 2, "excluded_lines": 0, "percent_statements_covered": 95.91836734693878, "percent_statements_covered_display": "96", "num_branches": 0, "num_partial_branches": 0, "covered_branches": 0, "missing_branches": 0, "percent_branches_covered": 100.0, "percent_branches_covered_display": "100"}, "missing_lines": [298, 299], "excluded_lines": [], "start_line": 1, "executed_branches": [], "missing_branches": []}}, "classes": {"Strictness": {"executed_lines": [], "summary": {"covered_lines": 0, "num_statements": 0, "percent_covered": 100.0, "percent_covered_display": "100", "missing_lines": 0, "excluded_lines": 0, "percent_statements_covered": 100.0, "percent_statements_covered_display": "100", "num_branches": 0, "num_partial_branches": 0, "covered_branches": 0, "missing_branches": 0, "percent_branches_covered": 100.0, "percent_branches_covered_display": "100"}, "missing_lines": [], "excluded_lines": [], "start_line": 35, "executed_branches": [], "missing_branches": []}, "ValidationError": {"executed_lines": [], "summary": {"covered_lines": 0, "num_statements": 3, "percent_covered": 0.0, "percent_covered_display": "0", "missing_lines": 3, "excluded_lines": 0, "percent_statements_covered": 0.0, "percent_statements_covered_display": "0", "num_branches": 0, "num_partial_branches": 0, "covered_branches": 0, "missing_branches": 0, "percent_branches_covered": 100.0, "percent_branches_covered_display": "100"}, "missing_lines": [46, 47, 48], "excluded_lines": [], "start_line": 42, "executed_branches": [], "missing_branches": []}, "ValidationResult": {"executed_lines": [60], "summary": {"covered_lines": 1, "num_statements": 1, "percent_covered": 100.0, "percent_covered_display": "100", "missing_lines": 0, "excluded_lines": 0, "percent_statements_covered": 100.0, "percent_statements_covered_display": "100", "num_branches": 0, "num_partial_branches": 0, "covered_branches": 0, "missing_branches": 0, "percent_branches_covered": 100.0, "percent_branches_covered_display": "100"}, "missing_lines": [], "excluded_lines": [], "start_line": 52, "executed_branches": [], "missing_branches": []}, "AgentBibleValidator": {"executed_lines": [333, 334, 342, 355, 357, 363, 365, 382, 383, 386, 387, 388, 391, 392, 393, 395, 397, 399, 415, 416, 419, 420, 421, 424, 425, 426, 427, 429, 430, 431, 432, 434, 436, 438], "summary": {"covered_lines": 34, "num_statements": 35, "percent_covered": 89.36170212765957, "percent_covered_display": "89", "missing_lines": 1, "excluded_lines": 0, "percent_statements_covered": 97.14285714285714, "percent_statements_covered_display": "97", "num_branches": 12, "num_partial_branches": 4, "covered_branches": 8, "missing_branches": 4, "percent_branches_covered": 66.66666666666667, "percent_branches_covered_display": "67"}, "missing_lines": [335], "excluded_lines": [], "start_line": 312, "executed_branches": [[334, -332], [357, 363], [395, 397], [424, 425], [424, 429], [429, 430], [429, 434], [434, 436]], "missing_branches": [[334, 335], [357, 365], [395, 399], [434, 438]]}, "": {"executed_lines": [22, 24, 25, 26, 27, 28, 30, 32, 35, 38, 39, 42, 45, 51, 52, 55, 56, 57, 59, 64, 67, 69, 70, 71, 72, 75, 78, 81, 94, 107, 108, 110, 111, 112, 114, 115, 116, 119, 120, 122, 123, 126, 129, 132, 145, 146, 148, 152, 157, 158, 159, 160, 162, 163, 166, 169, 172, 182, 183, 185, 189, 190, 191, 192, 193, 194, 195, 196, 199, 200, 202, 205, 219, 220, 222, 226, 227, 230, 231, 232, 236, 237, 238, 241, 242, 246, 249, 261, 262, 265, 266, 267, 268, 270, 271, 274, 275, 278, 279, 281, 288, 289, 291, 295, 297, 302, 304, 307, 312, 332, 339, 340, 344, 367, 401, 442, 450, 452, 455, 459, 462, 469, 472], "summary": {"covered_lines": 123, "num_statements": 139, "percent_covered": 87.04663212435233, "percent_covered_display": "87", "missing_lines": 16, "excluded_lines": 0, "percent_statements_covered": 88.48920863309353, "percent_statements_covered_display": "88", "num_branches": 54, "num_partial_branches": 7, "covered_branches": 45, "missing_branches": 9, "percent_branches_covered": 83.33333333333333, "percent_branches_covered_display": "83"}, "missing_lines": [83, 84, 86, 127, 149, 150, 153, 154, 167, 186, 187, 223, 233, 298, 299, 309], "excluded_lines": [], "start_line": 1, "executed_branches": [[70, 71], [70, 72], [110, 111], [110, 114], [114, 115], [114, 119], [122, 123], [122, 126], [126, 129], [148, 152], [152, 157], [162, 163], [162, 166], [166, 169], [185, 189], [189, 190], [189, 191], [191, 192], [191, 193], [193, 194], [193, 195], [195, 196], [195, 199], [199, 200], [199, 202], [222, 226], [226, 227], [226, 230], [230, 231], [230, 232], [232, 236], [237, 238], [237, 241], [241, 242], [241, 246], [265, 266], [265, 267], [267, 268], [267, 270], [270, 271], [270, 274], [274, 275], [274, 278], [278, 279], [278, 281]], "missing_branches": [[83, 84], [83, 86], [126, 127], [148, 149], [152, 153], [166, 167], [185, 186], [222, 223], [232, 233]]}}}}, "totals": {"covered_lines": 1047, "num_statements": 1293, "percent_covered": 81.14901256732496, "percent_covered_display": "81", "missing_lines": 246, "excluded_lines": 9, "percent_statements_covered": 80.97447795823666, "percent_statements_covered_display": "81", "num_branches": 378, "num_partial_branches": 37, "covered_branches": 309, "missing_branches": 69, "percent_branches_covered": 81.74603174603175, "percent_branches_covered_display": "82"}}